Aoc/0010/Map/MainField/A-2/A-2_Dynamic.mubin,67588
Aoc/0010/Map/MainField/D-3/D-3_Dynamic.mubin,153220
Aoc/0010/Map/MainField/B-3/B-3_Dynamic.mubin,187844
Aoc/0010/Map/MainField/G-4/G-4_Dynamic.mubin,93092
Aoc/0010/Map/MainField/B-5/B-5_Dynamic.mubin,148868
Aoc/0010/Map/MainField/J-7/J-7_Dynamic.mubin,21572
Aoc/0010/Map/MainField/H-6/H-6_Dynamic.mubin,175172
Aoc/0010/Map/MainField/E-7/E-7_Dynamic.mubin,95236
Aoc/0010/Map/MainField/I-7/I-7_Dynamic.mubin,175268
Aoc/0010/Map/MainField/C-4/C-4_Static.mubin,129060
Aoc/0010/Map/MainField/F-2/F-2_Static.mubin,155204
Aoc/0010/Map/MainField/J-1/J-1_Dynamic.mubin,131332
Aoc/0010/Map/MainField/B-7/B-7_Dynamic.mubin,96036
Aoc/0010/Map/MainField/B-7/B-7_Static.mubin,310788
Aoc/0010/Map/MainField/H-3/H-3_Static.mubin,138564
Aoc/0010/Map/MainField/G-3/G-3_Dynamic.mubin,162180
Aoc/0010/Map/MainField/C-7/C-7_Dynamic.mubin,162500
Aoc/0010/Map/MainField/D-2/D-2_Static.mubin,112292
Aoc/0010/Map/MainField/J-2/J-2_Static.mubin,78436
Aoc/0010/Map/MainField/J-3/J-3_Dynamic.mubin,118052
Aoc/0010/Map/MainField/F-5/F-5_Static.mubin,143044
Aoc/0010/Map/MainField/E-4/E-4_Static.mubin,424612
Aoc/0010/Map/MainField/F-7/F-7_Static.mubin,178596
Aoc/0010/Map/MainField/D-4/D-4_Static.mubin,129412
Aoc/0010/Map/MainField/D-2/D-2_Dynamic.mubin,100228
Aoc/0010/Map/MainField/D-3/D-3_Static.mubin,117796
Aoc/0010/Map/MainField/F-3/F-3_Dynamic.mubin,154884
Aoc/0010/Map/MainField/C-4/C-4_Dynamic.mubin,111236
Aoc/0010/Map/MainField/A-1/A-1_Dynamic.mubin,48740
Aoc/0010/Map/MainField/I-3/I-3_Static.mubin,274916
Aoc/0010/Map/MainField/I-8/I-8_Static.mubin,73316
Aoc/0010/Map/MainField/F-8/F-8_Static.mubin,206596
Aoc/0010/Map/MainField/F-6/F-6_Dynamic.mubin,280964
Aoc/0010/Map/MainField/F-5/F-5_Dynamic.mubin,193892
Aoc/0010/Map/MainField/D-4/D-4_Dynamic.mubin,128868
Aoc/0010/Map/MainField/G-5/G-5_Static.mubin,124580
Aoc/0010/Map/MainField/B-6/B-6_Dynamic.mubin,118148
Aoc/0010/Map/MainField/G-7/G-7_Dynamic.mubin,117028
Aoc/0010/Map/MainField/H-2/H-2_Dynamic.mubin,44196
Aoc/0010/Map/MainField/E-8/E-8_Dynamic.mubin,92356
Aoc/0010/Map/MainField/J-8/J-8_Dynamic.mubin,39620
Aoc/0010/Map/MainField/E-6/E-6_Dynamic.mubin,240804
Aoc/0010/Map/MainField/E-4/E-4_Dynamic.mubin,274436
Aoc/0010/Map/MainField/B-6/B-6_Static.mubin,236548
Aoc/0010/Map/MainField/B-1/B-1_Dynamic.mubin,71556
Aoc/0010/Map/MainField/D-6/D-6_Dynamic.mubin,171748
Aoc/0010/Map/MainField/C-6/C-6_Dynamic.mubin,216964
Aoc/0010/Map/MainField/E-5/E-5_Dynamic.mubin,144996
Aoc/0010/Map/MainField/I-1/I-1_Dynamic.mubin,145988
Aoc/0010/Map/MainField/F-3/F-3_Static.mubin,113636
Aoc/0010/Map/MainField/B-3/B-3_Static.mubin,241764
Aoc/0010/Map/MainField/C-3/C-3_Dynamic.mubin,129092
Aoc/0010/Map/MainField/H-8/H-8_Static.mubin,175140
Aoc/0010/Map/MainField/D-8/D-8_Dynamic.mubin,92772
Aoc/0010/Map/MainField/C-1/C-1_Dynamic.mubin,59812
Aoc/0010/Map/MainField/F-4/F-4_Dynamic.mubin,131556
Aoc/0010/Map/MainField/D-7/D-7_Dynamic.mubin,206020
Aoc/0010/Map/MainField/G-6/G-6_Dynamic.mubin,195524
Aoc/0010/Map/MainField/A-8/A-8_Dynamic.mubin,16356
Aoc/0010/Map/MainField/G-8/G-8_Dynamic.mubin,203236
Aoc/0010/Map/MainField/C-5/C-5_Static.mubin,132644
Aoc/0010/Map/MainField/H-7/H-7_Dynamic.mubin,202116
Aoc/0010/Map/MainField/I-8/I-8_Dynamic.mubin,73284
Aoc/0010/Map/MainField/F-1/F-1_Dynamic.mubin,136132
Aoc/0010/Map/MainField/B-8/B-8_Dynamic.mubin,11908
Aoc/0010/Map/MainField/G-2/G-2_Dynamic.mubin,159716
Aoc/0010/Map/MainField/G-2/G-2_Static.mubin,270756
Aoc/0010/Map/MainField/D-7/D-7_Static.mubin,155012
Aoc/0010/Map/MainField/D-6/D-6_Static.mubin,246020
Aoc/0010/Map/MainField/C-7/C-7_Static.mubin,155332
Aoc/0010/Map/MainField/A-7/A-7_Static.mubin,126756
Aoc/0010/Map/MainField/G-8/G-8_Static.mubin,356388
Aoc/0010/Map/MainField/F-2/F-2_Dynamic.mubin,151492
Aoc/0010/Map/MainField/H-3/H-3_Dynamic.mubin,133380
Aoc/0010/Map/MainField/F-7/F-7_Dynamic.mubin,157156
Aoc/0010/Map/MainField/F-1/F-1_Static.mubin,70596
Aoc/0010/Map/MainField/H-7/H-7_Static.mubin,182212
Aoc/0010/Map/MainField/I-7/I-7_Static.mubin,258404
Aoc/0010/Map/MainField/G-6/G-6_Static.mubin,329572
Aoc/0010/Map/MainField/H-1/H-1_Dynamic.mubin,75076
Aoc/0010/Map/MainField/C-2/C-2_Dynamic.mubin,82724
Aoc/0010/Map/MainField/I-4/I-4_Static.mubin,325572
Aoc/0010/Map/MainField/B-4/B-4_Dynamic.mubin,102820
Aoc/0010/Map/MainField/E-7/E-7_Static.mubin,179076
Aoc/0010/Map/MainField/G-3/G-3_Static.mubin,120772
Aoc/0010/Map/MainField/H-8/H-8_Dynamic.mubin,102276
Aoc/0010/Map/MainField/F-8/F-8_Dynamic.mubin,166116
Aoc/0010/Map/MainField/I-3/I-3_Dynamic.mubin,208036
Aoc/0010/Map/MainField/G-1/G-1_Dynamic.mubin,49732
Aoc/0010/Map/MainField/B-2/B-2_Dynamic.mubin,93412
Aoc/0010/Map/MainField/I-2/I-2_Dynamic.mubin,192996
Aoc/0010/Map/MainField/D-5/D-5_Dynamic.mubin,143524
Aoc/0010/Map/MainField/A-7/A-7_Dynamic.mubin,22212
Aoc/0010/Map/MainField/F-6/F-6_Static.mubin,196356
