name,rstb,path
Aoc/0010/Map/MainField/LazyTraverseList.mubin,18564,aoc/0010/Map/MainField/LazyTraverseList.smubin
Aoc/0010/Map/MainField/A-1/A-1_Static.mubin,76100,aoc/0010/Map/MainField/A-1/A-1_Static.smubin
Aoc/0010/Map/MainField/A-1/A-1_TeraTree.blwp,5412,aoc/0010/Map/MainField/A-1/A-1_TeraTree.sblwp
Aoc/0010/Map/MainField/A-2/A-2_Static.mubin,94692,aoc/0010/Map/MainField/A-2/A-2_Static.smubin
Aoc/0010/Map/MainField/A-2/A-2_TeraTree.blwp,7396,aoc/0010/Map/MainField/A-2/A-2_TeraTree.sblwp
Aoc/0010/Map/MainField/A-3/A-3_Static.mubin,36932,aoc/0010/Map/MainField/A-3/A-3_Static.smubin
Aoc/0010/Map/MainField/A-3/A-3_TeraTree.blwp,484,aoc/0010/Map/MainField/A-3/A-3_TeraTree.sblwp
Aoc/0010/Map/MainField/A-4/A-4_Static.mubin,31076,aoc/0010/Map/MainField/A-4/A-4_Static.smubin
Aoc/0010/Map/MainField/A-4/A-4_TeraTree.blwp,324,aoc/0010/Map/MainField/A-4/A-4_TeraTree.sblwp
Aoc/0010/Map/MainField/A-5/A-5_Static.mubin,71684,aoc/0010/Map/MainField/A-5/A-5_Static.smubin
Aoc/0010/Map/MainField/A-5/A-5_TeraTree.blwp,1028,aoc/0010/Map/MainField/A-5/A-5_TeraTree.sblwp
Aoc/0010/Map/MainField/A-6/A-6_Static.mubin,128676,aoc/0010/Map/MainField/A-6/A-6_Static.smubin
Aoc/0010/Map/MainField/A-6/A-6_TeraTree.blwp,2308,aoc/0010/Map/MainField/A-6/A-6_TeraTree.sblwp
Aoc/0010/Map/MainField/A-7/A-7_Static.mubin,126788,aoc/0010/Map/MainField/A-7/A-7_Static.smubin
Aoc/0010/Map/MainField/A-7/A-7_TeraTree.blwp,2372,aoc/0010/Map/MainField/A-7/A-7_TeraTree.sblwp
Aoc/0010/Map/MainField/A-8/A-8_Static.mubin,87172,aoc/0010/Map/MainField/A-8/A-8_Static.smubin
Aoc/0010/Map/MainField/A-8/A-8_TeraTree.blwp,1188,aoc/0010/Map/MainField/A-8/A-8_TeraTree.sblwp
Aoc/0010/Map/MainField/B-1/B-1_Static.mubin,93156,aoc/0010/Map/MainField/B-1/B-1_Static.smubin
Aoc/0010/Map/MainField/B-1/B-1_TeraTree.blwp,8708,aoc/0010/Map/MainField/B-1/B-1_TeraTree.sblwp
Aoc/0010/Map/MainField/B-2/B-2_Static.mubin,156324,aoc/0010/Map/MainField/B-2/B-2_Static.smubin
Aoc/0010/Map/MainField/B-2/B-2_TeraTree.blwp,10596,aoc/0010/Map/MainField/B-2/B-2_TeraTree.sblwp
Aoc/0010/Map/MainField/B-3/B-3_Static.mubin,241860,aoc/0010/Map/MainField/B-3/B-3_Static.smubin
Aoc/0010/Map/MainField/B-3/B-3_TeraTree.blwp,15332,aoc/0010/Map/MainField/B-3/B-3_TeraTree.sblwp
Aoc/0010/Map/MainField/B-4/B-4_Static.mubin,154724,aoc/0010/Map/MainField/B-4/B-4_Static.smubin
Aoc/0010/Map/MainField/B-4/B-4_TeraTree.blwp,3460,aoc/0010/Map/MainField/B-4/B-4_TeraTree.sblwp
Aoc/0010/Map/MainField/B-5/B-5_Static.mubin,73028,aoc/0010/Map/MainField/B-5/B-5_Static.smubin
Aoc/0010/Map/MainField/B-5/B-5_TeraTree.blwp,7172,aoc/0010/Map/MainField/B-5/B-5_TeraTree.sblwp
Aoc/0010/Map/MainField/B-6/B-6_Static.mubin,236580,aoc/0010/Map/MainField/B-6/B-6_Static.smubin
Aoc/0010/Map/MainField/B-6/B-6_TeraTree.blwp,4196,aoc/0010/Map/MainField/B-6/B-6_TeraTree.sblwp
Aoc/0010/Map/MainField/B-7/B-7_Static.mubin,310916,aoc/0010/Map/MainField/B-7/B-7_Static.smubin
Aoc/0010/Map/MainField/B-7/B-7_TeraTree.blwp,2436,aoc/0010/Map/MainField/B-7/B-7_TeraTree.sblwp
Aoc/0010/Map/MainField/B-8/B-8_Static.mubin,70596,aoc/0010/Map/MainField/B-8/B-8_Static.smubin
Aoc/0010/Map/MainField/B-8/B-8_TeraTree.blwp,2212,aoc/0010/Map/MainField/B-8/B-8_TeraTree.sblwp
Aoc/0010/Map/MainField/C-1/C-1_Static.mubin,93860,aoc/0010/Map/MainField/C-1/C-1_Static.smubin
Aoc/0010/Map/MainField/C-1/C-1_TeraTree.blwp,4292,aoc/0010/Map/MainField/C-1/C-1_TeraTree.sblwp
Aoc/0010/Map/MainField/C-2/C-2_Static.mubin,168324,aoc/0010/Map/MainField/C-2/C-2_Static.smubin
Aoc/0010/Map/MainField/C-2/C-2_TeraTree.blwp,7908,aoc/0010/Map/MainField/C-2/C-2_TeraTree.sblwp
Aoc/0010/Map/MainField/C-3/C-3_Static.mubin,97796,aoc/0010/Map/MainField/C-3/C-3_Static.smubin
Aoc/0010/Map/MainField/C-3/C-3_TeraTree.blwp,8196,aoc/0010/Map/MainField/C-3/C-3_TeraTree.sblwp
Aoc/0010/Map/MainField/C-4/C-4_Static.mubin,129060,aoc/0010/Map/MainField/C-4/C-4_Static.smubin
Aoc/0010/Map/MainField/C-4/C-4_TeraTree.blwp,9220,aoc/0010/Map/MainField/C-4/C-4_TeraTree.sblwp
Aoc/0010/Map/MainField/C-5/C-5_Static.mubin,132676,aoc/0010/Map/MainField/C-5/C-5_Static.smubin
Aoc/0010/Map/MainField/C-5/C-5_TeraTree.blwp,31044,aoc/0010/Map/MainField/C-5/C-5_TeraTree.sblwp
Aoc/0010/Map/MainField/C-6/C-6_Static.mubin,134628,aoc/0010/Map/MainField/C-6/C-6_Static.smubin
Aoc/0010/Map/MainField/C-6/C-6_TeraTree.blwp,15940,aoc/0010/Map/MainField/C-6/C-6_TeraTree.sblwp
Aoc/0010/Map/MainField/C-7/C-7_Static.mubin,155364,aoc/0010/Map/MainField/C-7/C-7_Static.smubin
Aoc/0010/Map/MainField/C-7/C-7_TeraTree.blwp,1188,aoc/0010/Map/MainField/C-7/C-7_TeraTree.sblwp
Aoc/0010/Map/MainField/C-8/C-8_Static.mubin,84900,aoc/0010/Map/MainField/C-8/C-8_Static.smubin
Aoc/0010/Map/MainField/C-8/C-8_TeraTree.blwp,708,aoc/0010/Map/MainField/C-8/C-8_TeraTree.sblwp
Aoc/0010/Map/MainField/D-1/D-1_Static.mubin,50948,aoc/0010/Map/MainField/D-1/D-1_Static.smubin
Aoc/0010/Map/MainField/D-1/D-1_TeraTree.blwp,4676,aoc/0010/Map/MainField/D-1/D-1_TeraTree.sblwp
Aoc/0010/Map/MainField/D-2/D-2_Static.mubin,112292,aoc/0010/Map/MainField/D-2/D-2_Static.smubin
Aoc/0010/Map/MainField/D-2/D-2_TeraTree.blwp,12324,aoc/0010/Map/MainField/D-2/D-2_TeraTree.sblwp
Aoc/0010/Map/MainField/D-3/D-3_Static.mubin,117796,aoc/0010/Map/MainField/D-3/D-3_Static.smubin
Aoc/0010/Map/MainField/D-3/D-3_TeraTree.blwp,12644,aoc/0010/Map/MainField/D-3/D-3_TeraTree.sblwp
Aoc/0010/Map/MainField/D-4/D-4_Static.mubin,129444,aoc/0010/Map/MainField/D-4/D-4_Static.smubin
Aoc/0010/Map/MainField/D-4/D-4_TeraTree.blwp,5636,aoc/0010/Map/MainField/D-4/D-4_TeraTree.sblwp
Aoc/0010/Map/MainField/D-5/D-5_Static.mubin,176100,aoc/0010/Map/MainField/D-5/D-5_Static.smubin
Aoc/0010/Map/MainField/D-5/D-5_TeraTree.blwp,13188,aoc/0010/Map/MainField/D-5/D-5_TeraTree.sblwp
Aoc/0010/Map/MainField/D-6/D-6_Static.mubin,246020,aoc/0010/Map/MainField/D-6/D-6_Static.smubin
Aoc/0010/Map/MainField/D-6/D-6_TeraTree.blwp,18852,aoc/0010/Map/MainField/D-6/D-6_TeraTree.sblwp
Aoc/0010/Map/MainField/D-7/D-7_Static.mubin,155044,aoc/0010/Map/MainField/D-7/D-7_Static.smubin
Aoc/0010/Map/MainField/D-7/D-7_TeraTree.blwp,6052,aoc/0010/Map/MainField/D-7/D-7_TeraTree.sblwp
Aoc/0010/Map/MainField/D-8/D-8_Static.mubin,77828,aoc/0010/Map/MainField/D-8/D-8_Static.smubin
Aoc/0010/Map/MainField/D-8/D-8_TeraTree.blwp,420,aoc/0010/Map/MainField/D-8/D-8_TeraTree.sblwp
Aoc/0010/Map/MainField/E-1/E-1_Static.mubin,37508,aoc/0010/Map/MainField/E-1/E-1_Static.smubin
Aoc/0010/Map/MainField/E-1/E-1_TeraTree.blwp,388,aoc/0010/Map/MainField/E-1/E-1_TeraTree.sblwp
Aoc/0010/Map/MainField/E-2/E-2_Static.mubin,39396,aoc/0010/Map/MainField/E-2/E-2_Static.smubin
Aoc/0010/Map/MainField/E-2/E-2_TeraTree.blwp,3812,aoc/0010/Map/MainField/E-2/E-2_TeraTree.sblwp
Aoc/0010/Map/MainField/E-3/E-3_Static.mubin,45732,aoc/0010/Map/MainField/E-3/E-3_Static.smubin
Aoc/0010/Map/MainField/E-3/E-3_TeraTree.blwp,8932,aoc/0010/Map/MainField/E-3/E-3_TeraTree.sblwp
Aoc/0010/Map/MainField/E-4/E-4_Static.mubin,424676,aoc/0010/Map/MainField/E-4/E-4_Static.smubin
Aoc/0010/Map/MainField/E-4/E-4_TeraTree.blwp,37060,aoc/0010/Map/MainField/E-4/E-4_TeraTree.sblwp
Aoc/0010/Map/MainField/E-5/E-5_Static.mubin,135812,aoc/0010/Map/MainField/E-5/E-5_Static.smubin
Aoc/0010/Map/MainField/E-5/E-5_TeraTree.blwp,18948,aoc/0010/Map/MainField/E-5/E-5_TeraTree.sblwp
Aoc/0010/Map/MainField/E-6/E-6_Static.mubin,294116,aoc/0010/Map/MainField/E-6/E-6_Static.smubin
Aoc/0010/Map/MainField/E-6/E-6_TeraTree.blwp,34724,aoc/0010/Map/MainField/E-6/E-6_TeraTree.sblwp
Aoc/0010/Map/MainField/E-7/E-7_Static.mubin,178980,aoc/0010/Map/MainField/E-7/E-7_Static.smubin
Aoc/0010/Map/MainField/E-7/E-7_TeraTree.blwp,6212,aoc/0010/Map/MainField/E-7/E-7_TeraTree.sblwp
Aoc/0010/Map/MainField/E-8/E-8_Static.mubin,85412,aoc/0010/Map/MainField/E-8/E-8_Static.smubin
Aoc/0010/Map/MainField/E-8/E-8_TeraTree.blwp,10532,aoc/0010/Map/MainField/E-8/E-8_TeraTree.sblwp
Aoc/0010/Map/MainField/F-1/F-1_Static.mubin,70276,aoc/0010/Map/MainField/F-1/F-1_Static.smubin
Aoc/0010/Map/MainField/F-1/F-1_TeraTree.blwp,22244,aoc/0010/Map/MainField/F-1/F-1_TeraTree.sblwp
Aoc/0010/Map/MainField/F-2/F-2_Static.mubin,153284,aoc/0010/Map/MainField/F-2/F-2_Static.smubin
Aoc/0010/Map/MainField/F-2/F-2_TeraTree.blwp,36324,aoc/0010/Map/MainField/F-2/F-2_TeraTree.sblwp
Aoc/0010/Map/MainField/F-3/F-3_Static.mubin,113604,aoc/0010/Map/MainField/F-3/F-3_Static.smubin
Aoc/0010/Map/MainField/F-3/F-3_TeraTree.blwp,27556,aoc/0010/Map/MainField/F-3/F-3_TeraTree.sblwp
Aoc/0010/Map/MainField/F-4/F-4_Static.mubin,171940,aoc/0010/Map/MainField/F-4/F-4_Static.smubin
Aoc/0010/Map/MainField/F-4/F-4_TeraTree.blwp,22404,aoc/0010/Map/MainField/F-4/F-4_TeraTree.sblwp
Aoc/0010/Map/MainField/F-5/F-5_Static.mubin,142148,aoc/0010/Map/MainField/F-5/F-5_Static.smubin
Aoc/0010/Map/MainField/F-5/F-5_TeraTree.blwp,36004,aoc/0010/Map/MainField/F-5/F-5_TeraTree.sblwp
Aoc/0010/Map/MainField/F-6/F-6_Static.mubin,196356,aoc/0010/Map/MainField/F-6/F-6_Static.smubin
Aoc/0010/Map/MainField/F-6/F-6_TeraTree.blwp,47332,aoc/0010/Map/MainField/F-6/F-6_TeraTree.sblwp
Aoc/0010/Map/MainField/F-7/F-7_Static.mubin,178596,aoc/0010/Map/MainField/F-7/F-7_Static.smubin
Aoc/0010/Map/MainField/F-7/F-7_TeraTree.blwp,22948,aoc/0010/Map/MainField/F-7/F-7_TeraTree.sblwp
Aoc/0010/Map/MainField/F-8/F-8_Static.mubin,206596,aoc/0010/Map/MainField/F-8/F-8_Static.smubin
Aoc/0010/Map/MainField/F-8/F-8_TeraTree.blwp,23972,aoc/0010/Map/MainField/F-8/F-8_TeraTree.sblwp
Aoc/0010/Map/MainField/G-1/G-1_Dynamic.mubin,49732,aoc/0010/Map/MainField/G-1/G-1_Dynamic.smubin
Aoc/0010/Map/MainField/G-1/G-1_Static.mubin,40548,aoc/0010/Map/MainField/G-1/G-1_Static.smubin
Aoc/0010/Map/MainField/G-1/G-1_TeraTree.blwp,1252,aoc/0010/Map/MainField/G-1/G-1_TeraTree.sblwp
Aoc/0010/Map/MainField/G-2/G-2_Dynamic.mubin,159972,aoc/0010/Map/MainField/G-2/G-2_Dynamic.smubin
Aoc/0010/Map/MainField/G-2/G-2_Static.mubin,270788,aoc/0010/Map/MainField/G-2/G-2_Static.smubin
Aoc/0010/Map/MainField/G-2/G-2_TeraTree.blwp,388,aoc/0010/Map/MainField/G-2/G-2_TeraTree.sblwp
Aoc/0010/Map/MainField/G-3/G-3_Dynamic.mubin,162180,aoc/0010/Map/MainField/G-3/G-3_Dynamic.smubin
Aoc/0010/Map/MainField/G-3/G-3_Static.mubin,120772,aoc/0010/Map/MainField/G-3/G-3_Static.smubin
Aoc/0010/Map/MainField/G-3/G-3_TeraTree.blwp,10948,aoc/0010/Map/MainField/G-3/G-3_TeraTree.sblwp
Aoc/0010/Map/MainField/G-4/G-4_Static.mubin,126116,aoc/0010/Map/MainField/G-4/G-4_Static.smubin
Aoc/0010/Map/MainField/G-4/G-4_TeraTree.blwp,8228,aoc/0010/Map/MainField/G-4/G-4_TeraTree.sblwp
Aoc/0010/Map/MainField/G-5/G-5_Static.mubin,124580,aoc/0010/Map/MainField/G-5/G-5_Static.smubin
Aoc/0010/Map/MainField/G-5/G-5_TeraTree.blwp,18564,aoc/0010/Map/MainField/G-5/G-5_TeraTree.sblwp
Aoc/0010/Map/MainField/G-6/G-6_Static.mubin,329604,aoc/0010/Map/MainField/G-6/G-6_Static.smubin
Aoc/0010/Map/MainField/G-6/G-6_TeraTree.blwp,13124,aoc/0010/Map/MainField/G-6/G-6_TeraTree.sblwp
Aoc/0010/Map/MainField/G-7/G-7_Static.mubin,107556,aoc/0010/Map/MainField/G-7/G-7_Static.smubin
Aoc/0010/Map/MainField/G-7/G-7_TeraTree.blwp,19076,aoc/0010/Map/MainField/G-7/G-7_TeraTree.sblwp
Aoc/0010/Map/MainField/G-8/G-8_Static.mubin,356452,aoc/0010/Map/MainField/G-8/G-8_Static.smubin
Aoc/0010/Map/MainField/G-8/G-8_TeraTree.blwp,29124,aoc/0010/Map/MainField/G-8/G-8_TeraTree.sblwp
Aoc/0010/Map/MainField/H-1/H-1_Dynamic.mubin,75172,aoc/0010/Map/MainField/H-1/H-1_Dynamic.smubin
Aoc/0010/Map/MainField/H-1/H-1_Static.mubin,86212,aoc/0010/Map/MainField/H-1/H-1_Static.smubin
Aoc/0010/Map/MainField/H-1/H-1_TeraTree.blwp,3428,aoc/0010/Map/MainField/H-1/H-1_TeraTree.sblwp
Aoc/0010/Map/MainField/H-2/H-2_Dynamic.mubin,44196,aoc/0010/Map/MainField/H-2/H-2_Dynamic.smubin
Aoc/0010/Map/MainField/H-2/H-2_Static.mubin,157796,aoc/0010/Map/MainField/H-2/H-2_Static.smubin
Aoc/0010/Map/MainField/H-2/H-2_TeraTree.blwp,324,aoc/0010/Map/MainField/H-2/H-2_TeraTree.sblwp
Aoc/0010/Map/MainField/H-3/H-3_Dynamic.mubin,133412,aoc/0010/Map/MainField/H-3/H-3_Dynamic.smubin
Aoc/0010/Map/MainField/H-3/H-3_Static.mubin,138596,aoc/0010/Map/MainField/H-3/H-3_Static.smubin
Aoc/0010/Map/MainField/H-3/H-3_TeraTree.blwp,4292,aoc/0010/Map/MainField/H-3/H-3_TeraTree.sblwp
Aoc/0010/Map/MainField/H-4/H-4_Static.mubin,278276,aoc/0010/Map/MainField/H-4/H-4_Static.smubin
Aoc/0010/Map/MainField/H-4/H-4_TeraTree.blwp,23684,aoc/0010/Map/MainField/H-4/H-4_TeraTree.sblwp
Aoc/0010/Map/MainField/H-5/H-5_Static.mubin,114372,aoc/0010/Map/MainField/H-5/H-5_Static.smubin
Aoc/0010/Map/MainField/H-5/H-5_TeraTree.blwp,12804,aoc/0010/Map/MainField/H-5/H-5_TeraTree.sblwp
Aoc/0010/Map/MainField/H-6/H-6_Static.mubin,176644,aoc/0010/Map/MainField/H-6/H-6_Static.smubin
Aoc/0010/Map/MainField/H-6/H-6_TeraTree.blwp,8964,aoc/0010/Map/MainField/H-6/H-6_TeraTree.sblwp
Aoc/0010/Map/MainField/H-7/H-7_Static.mubin,172036,aoc/0010/Map/MainField/H-7/H-7_Static.smubin
Aoc/0010/Map/MainField/H-7/H-7_TeraTree.blwp,22916,aoc/0010/Map/MainField/H-7/H-7_TeraTree.sblwp
Aoc/0010/Map/MainField/H-8/H-8_Static.mubin,174916,aoc/0010/Map/MainField/H-8/H-8_Static.smubin
Aoc/0010/Map/MainField/H-8/H-8_TeraTree.blwp,6916,aoc/0010/Map/MainField/H-8/H-8_TeraTree.sblwp
Aoc/0010/Map/MainField/I-1/I-1_Dynamic.mubin,145988,aoc/0010/Map/MainField/I-1/I-1_Dynamic.smubin
Aoc/0010/Map/MainField/I-1/I-1_Static.mubin,67748,aoc/0010/Map/MainField/I-1/I-1_Static.smubin
Aoc/0010/Map/MainField/I-1/I-1_TeraTree.blwp,14500,aoc/0010/Map/MainField/I-1/I-1_TeraTree.sblwp
Aoc/0010/Map/MainField/I-2/I-2_Dynamic.mubin,193092,aoc/0010/Map/MainField/I-2/I-2_Dynamic.smubin
Aoc/0010/Map/MainField/I-2/I-2_Static.mubin,89188,aoc/0010/Map/MainField/I-2/I-2_Static.smubin
Aoc/0010/Map/MainField/I-2/I-2_TeraTree.blwp,23588,aoc/0010/Map/MainField/I-2/I-2_TeraTree.sblwp
Aoc/0010/Map/MainField/I-3/I-3_Static.mubin,274948,aoc/0010/Map/MainField/I-3/I-3_Static.smubin
Aoc/0010/Map/MainField/I-3/I-3_TeraTree.blwp,14980,aoc/0010/Map/MainField/I-3/I-3_TeraTree.sblwp
Aoc/0010/Map/MainField/I-4/I-4_Static.mubin,325508,aoc/0010/Map/MainField/I-4/I-4_Static.smubin
Aoc/0010/Map/MainField/I-4/I-4_TeraTree.blwp,10340,aoc/0010/Map/MainField/I-4/I-4_TeraTree.sblwp
Aoc/0010/Map/MainField/I-5/I-5_Static.mubin,130404,aoc/0010/Map/MainField/I-5/I-5_Static.smubin
Aoc/0010/Map/MainField/I-5/I-5_TeraTree.blwp,7972,aoc/0010/Map/MainField/I-5/I-5_TeraTree.sblwp
Aoc/0010/Map/MainField/I-6/I-6_Static.mubin,141988,aoc/0010/Map/MainField/I-6/I-6_Static.smubin
Aoc/0010/Map/MainField/I-6/I-6_TeraTree.blwp,13060,aoc/0010/Map/MainField/I-6/I-6_TeraTree.sblwp
Aoc/0010/Map/MainField/I-7/I-7_Static.mubin,254788,aoc/0010/Map/MainField/I-7/I-7_Static.smubin
Aoc/0010/Map/MainField/I-7/I-7_TeraTree.blwp,15172,aoc/0010/Map/MainField/I-7/I-7_TeraTree.sblwp
Aoc/0010/Map/MainField/I-8/I-8_Static.mubin,72676,aoc/0010/Map/MainField/I-8/I-8_Static.smubin
Aoc/0010/Map/MainField/I-8/I-8_TeraTree.blwp,4228,aoc/0010/Map/MainField/I-8/I-8_TeraTree.sblwp
Aoc/0010/Map/MainField/J-1/J-1_Static.mubin,63812,aoc/0010/Map/MainField/J-1/J-1_Static.smubin
Aoc/0010/Map/MainField/J-1/J-1_TeraTree.blwp,14084,aoc/0010/Map/MainField/J-1/J-1_TeraTree.sblwp
Aoc/0010/Map/MainField/J-2/J-2_Static.mubin,78180,aoc/0010/Map/MainField/J-2/J-2_Static.smubin
Aoc/0010/Map/MainField/J-2/J-2_TeraTree.blwp,11332,aoc/0010/Map/MainField/J-2/J-2_TeraTree.sblwp
Aoc/0010/Map/MainField/J-3/J-3_Static.mubin,83972,aoc/0010/Map/MainField/J-3/J-3_Static.smubin
Aoc/0010/Map/MainField/J-3/J-3_TeraTree.blwp,6308,aoc/0010/Map/MainField/J-3/J-3_TeraTree.sblwp
Aoc/0010/Map/MainField/J-4/J-4_Static.mubin,111556,aoc/0010/Map/MainField/J-4/J-4_Static.smubin
Aoc/0010/Map/MainField/J-4/J-4_TeraTree.blwp,9412,aoc/0010/Map/MainField/J-4/J-4_TeraTree.sblwp
Aoc/0010/Map/MainField/J-5/J-5_Static.mubin,78820,aoc/0010/Map/MainField/J-5/J-5_Static.smubin
Aoc/0010/Map/MainField/J-5/J-5_TeraTree.blwp,5796,aoc/0010/Map/MainField/J-5/J-5_TeraTree.sblwp
Aoc/0010/Map/MainField/J-6/J-6_Static.mubin,44900,aoc/0010/Map/MainField/J-6/J-6_Static.smubin
Aoc/0010/Map/MainField/J-6/J-6_TeraTree.blwp,7076,aoc/0010/Map/MainField/J-6/J-6_TeraTree.sblwp
Aoc/0010/Map/MainField/J-7/J-7_Static.mubin,54820,aoc/0010/Map/MainField/J-7/J-7_Static.smubin
Aoc/0010/Map/MainField/J-7/J-7_TeraTree.blwp,1316,aoc/0010/Map/MainField/J-7/J-7_TeraTree.sblwp
Aoc/0010/Map/MainField/J-8/J-8_Static.mubin,141316,aoc/0010/Map/MainField/J-8/J-8_Static.smubin
Aoc/0010/Map/MainField/J-8/J-8_TeraTree.blwp,5956,aoc/0010/Map/MainField/J-8/J-8_TeraTree.sblwp
Actor/Pack/Animal_Cassowary_A.bactorpack,48256,content/Actor/Pack/Animal_Cassowary_A.sbactorpack
Actor/Pack/Animal_Crow_A.bactorpack,26336,content/Actor/Pack/Animal_Crow_A.sbactorpack
Actor/Pack/Animal_Gull_A.bactorpack,18208,content/Actor/Pack/Animal_Gull_A.sbactorpack
Actor/Pack/Animal_Hawk_A.bactorpack,18272,content/Actor/Pack/Animal_Hawk_A.sbactorpack
Actor/Pack/Animal_Heron_A.bactorpack,28704,content/Actor/Pack/Animal_Heron_A.sbactorpack
Actor/Pack/Animal_Heron_B.bactorpack,28736,content/Actor/Pack/Animal_Heron_B.sbactorpack
Actor/Pack/Animal_LittleBird_A.bactorpack,26208,content/Actor/Pack/Animal_LittleBird_A.sbactorpack
Actor/Pack/Animal_LittleBird_B.bactorpack,26272,content/Actor/Pack/Animal_LittleBird_B.sbactorpack
Actor/Pack/Animal_LittleBird_C.bactorpack,26272,content/Actor/Pack/Animal_LittleBird_C.sbactorpack
Actor/Pack/Animal_LittleBird_D.bactorpack,26272,content/Actor/Pack/Animal_LittleBird_D.sbactorpack
Actor/Pack/Animal_LittleBird_E.bactorpack,26272,content/Actor/Pack/Animal_LittleBird_E.sbactorpack
Actor/Pack/Animal_LittleBird_F.bactorpack,26272,content/Actor/Pack/Animal_LittleBird_F.sbactorpack
Actor/Pack/Animal_Pigeon_A.bactorpack,26592,content/Actor/Pack/Animal_Pigeon_A.sbactorpack
Actor/Pack/Animal_Pigeon_B.bactorpack,26656,content/Actor/Pack/Animal_Pigeon_B.sbactorpack
Actor/Pack/Enemy_Golem_Fire.bactorpack,120608,content/Actor/Pack/Enemy_Golem_Fire.sbactorpack
Actor/Pack/Enemy_Golem_Ice.bactorpack,120544,content/Actor/Pack/Enemy_Golem_Ice.sbactorpack
Actor/Pack/Enemy_Golem_Junior.bactorpack,116256,content/Actor/Pack/Enemy_Golem_Junior.sbactorpack
Actor/Pack/Enemy_Golem_Senior.bactorpack,120544,content/Actor/Pack/Enemy_Golem_Senior.sbactorpack
Actor/Pack/Item_Bow_028_Broken.bactorpack,22848,content/Actor/Pack/Item_Bow_028_Broken.sbactorpack
Actor/Pack/Item_Feather.bactorpack,12256,content/Actor/Pack/Item_Feather.sbactorpack
Actor/Pack/Item_Lsword_054_Broken.bactorpack,14304,content/Actor/Pack/Item_Lsword_054_Broken.sbactorpack
Actor/Pack/Item_Ore_Ancient.bactorpack,12992,content/Actor/Pack/Item_Ore_Ancient.sbactorpack
Actor/Pack/Item_Ore_Coal.bactorpack,12704,content/Actor/Pack/Item_Ore_Coal.sbactorpack
Actor/Pack/Item_Ore_Eldin.bactorpack,12704,content/Actor/Pack/Item_Ore_Eldin.sbactorpack
Actor/Pack/Item_Ore_Gold.bactorpack,12704,content/Actor/Pack/Item_Ore_Gold.sbactorpack
Actor/Pack/Item_Ore_Iron.bactorpack,12736,content/Actor/Pack/Item_Ore_Iron.sbactorpack
Actor/Pack/Item_Ore_Silver.bactorpack,12736,content/Actor/Pack/Item_Ore_Silver.sbactorpack
Actor/Pack/Item_Ore_Steel.bactorpack,12928,content/Actor/Pack/Item_Ore_Steel.sbactorpack
Actor/Pack/Item_Shield_037_Broken.bactorpack,13216,content/Actor/Pack/Item_Shield_037_Broken.sbactorpack
Actor/Pack/Item_Spear_050_Broken.bactorpack,21472,content/Actor/Pack/Item_Spear_050_Broken.sbactorpack
Actor/Pack/Item_Sword_052_Broken.bactorpack,14400,content/Actor/Pack/Item_Sword_052_Broken.sbactorpack
Actor/Pack/Obj_ArrowBundle_A_01.bactorpack,9760,content/Actor/Pack/Obj_ArrowBundle_A_01.sbactorpack
Actor/Pack/Obj_ArrowBundle_A_02.bactorpack,9792,content/Actor/Pack/Obj_ArrowBundle_A_02.sbactorpack
Actor/Pack/Obj_ArrowNormal_A_01.bactorpack,9504,content/Actor/Pack/Obj_ArrowNormal_A_01.sbactorpack
Actor/Pack/Obj_BombArrow_A_01.bactorpack,9504,content/Actor/Pack/Obj_BombArrow_A_01.sbactorpack
Actor/Pack/Obj_BombArrow_A_02.bactorpack,9792,content/Actor/Pack/Obj_BombArrow_A_02.sbactorpack
Actor/Pack/Obj_BombArrow_A_03.bactorpack,9792,content/Actor/Pack/Obj_BombArrow_A_03.sbactorpack
Actor/Pack/Obj_BombArrow_A_04.bactorpack,9792,content/Actor/Pack/Obj_BombArrow_A_04.sbactorpack
Actor/Pack/Obj_ElectricArrow_A_01.bactorpack,9760,content/Actor/Pack/Obj_ElectricArrow_A_01.sbactorpack
Actor/Pack/Obj_ElectricArrow_A_02.bactorpack,9824,content/Actor/Pack/Obj_ElectricArrow_A_02.sbactorpack
Actor/Pack/Obj_ElectricArrow_A_03.bactorpack,9792,content/Actor/Pack/Obj_ElectricArrow_A_03.sbactorpack
Actor/Pack/Obj_FireArrow_A_01.bactorpack,9504,content/Actor/Pack/Obj_FireArrow_A_01.sbactorpack
Actor/Pack/Obj_FireArrow_A_02.bactorpack,9792,content/Actor/Pack/Obj_FireArrow_A_02.sbactorpack
Actor/Pack/Obj_FireArrow_A_03.bactorpack,9792,content/Actor/Pack/Obj_FireArrow_A_03.sbactorpack
Actor/Pack/Obj_IceArrow_A_01.bactorpack,9824,content/Actor/Pack/Obj_IceArrow_A_01.sbactorpack
Actor/Pack/Obj_IceArrow_A_02.bactorpack,9760,content/Actor/Pack/Obj_IceArrow_A_02.sbactorpack
Actor/Pack/Obj_IceArrow_A_03.bactorpack,9760,content/Actor/Pack/Obj_IceArrow_A_03.sbactorpack
Actor/Pack/Obj_Mineral_A_01.bactorpack,12000,content/Actor/Pack/Obj_Mineral_A_01.sbactorpack
Actor/Pack/Obj_Mineral_A_01_DeathMountain.bactorpack,12064,content/Actor/Pack/Obj_Mineral_A_01_DeathMountain.sbactorpack
Actor/Pack/Obj_Mineral_B_01.bactorpack,12064,content/Actor/Pack/Obj_Mineral_B_01.sbactorpack
Actor/Pack/Obj_Mineral_B_01_DeathMountain.bactorpack,12064,content/Actor/Pack/Obj_Mineral_B_01_DeathMountain.sbactorpack
Actor/Pack/TwnObj_AncientOven_A_02.bactorpack,20896,content/Actor/Pack/TwnObj_AncientOven_A_02.sbactorpack
Actor/Pack/TwnObj_AncientOven_A_02_Bow.bactorpack,20672,content/Actor/Pack/TwnObj_AncientOven_A_02_Bow.sbactorpack
Actor/Pack/TwnObj_AncientOven_A_02_Lsword.bactorpack,21088,content/Actor/Pack/TwnObj_AncientOven_A_02_Lsword.sbactorpack
Actor/Pack/TwnObj_AncientOven_A_02_Shield.bactorpack,20960,content/Actor/Pack/TwnObj_AncientOven_A_02_Shield.sbactorpack
Actor/Pack/TwnObj_AncientOven_A_02_Spear.bactorpack,21216,content/Actor/Pack/TwnObj_AncientOven_A_02_Spear.sbactorpack
Actor/Pack/TwnObj_Anvil.bactorpack,17152,content/Actor/Pack/TwnObj_Anvil.sbactorpack
Actor/Pack/Weapon_Bow_001.bactorpack,15104,content/Actor/Pack/Weapon_Bow_001.sbactorpack
Actor/Pack/Weapon_Bow_002.bactorpack,15136,content/Actor/Pack/Weapon_Bow_002.sbactorpack
Actor/Pack/Weapon_Bow_009.bactorpack,15104,content/Actor/Pack/Weapon_Bow_009.sbactorpack
Actor/Pack/Weapon_Bow_013.bactorpack,15040,content/Actor/Pack/Weapon_Bow_013.sbactorpack
Actor/Pack/Weapon_Bow_014.bactorpack,15104,content/Actor/Pack/Weapon_Bow_014.sbactorpack
Actor/Pack/Weapon_Bow_015.bactorpack,15136,content/Actor/Pack/Weapon_Bow_015.sbactorpack
Actor/Pack/Weapon_Bow_016.bactorpack,15072,content/Actor/Pack/Weapon_Bow_016.sbactorpack
Actor/Pack/Weapon_Bow_017.bactorpack,15072,content/Actor/Pack/Weapon_Bow_017.sbactorpack
Actor/Pack/Weapon_Bow_026.bactorpack,15104,content/Actor/Pack/Weapon_Bow_026.sbactorpack
Actor/Pack/Weapon_Bow_028.bactorpack,24608,content/Actor/Pack/Weapon_Bow_028.sbactorpack
Actor/Pack/Weapon_Bow_029.bactorpack,15072,content/Actor/Pack/Weapon_Bow_029.sbactorpack
Actor/Pack/Weapon_Bow_032.bactorpack,16320,content/Actor/Pack/Weapon_Bow_032.sbactorpack
Actor/Pack/Weapon_Bow_033.bactorpack,15168,content/Actor/Pack/Weapon_Bow_033.sbactorpack
Actor/Pack/Weapon_Bow_035.bactorpack,15168,content/Actor/Pack/Weapon_Bow_035.sbactorpack
Actor/Pack/Weapon_Bow_036.bactorpack,15168,content/Actor/Pack/Weapon_Bow_036.sbactorpack
Actor/Pack/Weapon_Bow_038.bactorpack,15072,content/Actor/Pack/Weapon_Bow_038.sbactorpack
Actor/Pack/Weapon_Lsword_001.bactorpack,12576,content/Actor/Pack/Weapon_Lsword_001.sbactorpack
Actor/Pack/Weapon_Lsword_002.bactorpack,12576,content/Actor/Pack/Weapon_Lsword_002.sbactorpack
Actor/Pack/Weapon_Lsword_003.bactorpack,12576,content/Actor/Pack/Weapon_Lsword_003.sbactorpack
Actor/Pack/Weapon_Lsword_013.bactorpack,17216,content/Actor/Pack/Weapon_Lsword_013.sbactorpack
Actor/Pack/Weapon_Lsword_014.bactorpack,17184,content/Actor/Pack/Weapon_Lsword_014.sbactorpack
Actor/Pack/Weapon_Lsword_015.bactorpack,17184,content/Actor/Pack/Weapon_Lsword_015.sbactorpack
Actor/Pack/Weapon_Lsword_016.bactorpack,21440,content/Actor/Pack/Weapon_Lsword_016.sbactorpack
Actor/Pack/Weapon_Lsword_017.bactorpack,21472,content/Actor/Pack/Weapon_Lsword_017.sbactorpack
Actor/Pack/Weapon_Lsword_018.bactorpack,21472,content/Actor/Pack/Weapon_Lsword_018.sbactorpack
Actor/Pack/Weapon_Lsword_024.bactorpack,12576,content/Actor/Pack/Weapon_Lsword_024.sbactorpack
Actor/Pack/Weapon_Lsword_027.bactorpack,12576,content/Actor/Pack/Weapon_Lsword_027.sbactorpack
Actor/Pack/Weapon_Lsword_029.bactorpack,12608,content/Actor/Pack/Weapon_Lsword_029.sbactorpack
Actor/Pack/Weapon_Lsword_033.bactorpack,21728,content/Actor/Pack/Weapon_Lsword_033.sbactorpack
Actor/Pack/Weapon_Lsword_034.bactorpack,13344,content/Actor/Pack/Weapon_Lsword_034.sbactorpack
Actor/Pack/Weapon_Lsword_035.bactorpack,13344,content/Actor/Pack/Weapon_Lsword_035.sbactorpack
Actor/Pack/Weapon_Lsword_036.bactorpack,12544,content/Actor/Pack/Weapon_Lsword_036.sbactorpack
Actor/Pack/Weapon_Lsword_037.bactorpack,12544,content/Actor/Pack/Weapon_Lsword_037.sbactorpack
Actor/Pack/Weapon_Lsword_041.bactorpack,12608,content/Actor/Pack/Weapon_Lsword_041.sbactorpack
Actor/Pack/Weapon_Lsword_047.bactorpack,12544,content/Actor/Pack/Weapon_Lsword_047.sbactorpack
Actor/Pack/Weapon_Lsword_051.bactorpack,13248,content/Actor/Pack/Weapon_Lsword_051.sbactorpack
Actor/Pack/Weapon_Lsword_054.bactorpack,12896,content/Actor/Pack/Weapon_Lsword_054.sbactorpack
Actor/Pack/Weapon_Lsword_055.bactorpack,12576,content/Actor/Pack/Weapon_Lsword_055.sbactorpack
Actor/Pack/Weapon_Shield_001.bactorpack,11680,content/Actor/Pack/Weapon_Shield_001.sbactorpack
Actor/Pack/Weapon_Shield_002.bactorpack,11744,content/Actor/Pack/Weapon_Shield_002.sbactorpack
Actor/Pack/Weapon_Shield_003.bactorpack,11680,content/Actor/Pack/Weapon_Shield_003.sbactorpack
Actor/Pack/Weapon_Shield_013.bactorpack,15776,content/Actor/Pack/Weapon_Shield_013.sbactorpack
Actor/Pack/Weapon_Shield_014.bactorpack,15744,content/Actor/Pack/Weapon_Shield_014.sbactorpack
Actor/Pack/Weapon_Shield_015.bactorpack,15712,content/Actor/Pack/Weapon_Shield_015.sbactorpack
Actor/Pack/Weapon_Shield_017.bactorpack,29024,content/Actor/Pack/Weapon_Shield_017.sbactorpack
Actor/Pack/Weapon_Shield_018.bactorpack,12448,content/Actor/Pack/Weapon_Shield_018.sbactorpack
Actor/Pack/Weapon_Shield_022.bactorpack,11680,content/Actor/Pack/Weapon_Shield_022.sbactorpack
Actor/Pack/Weapon_Shield_023.bactorpack,11648,content/Actor/Pack/Weapon_Shield_023.sbactorpack
Actor/Pack/Weapon_Shield_025.bactorpack,11648,content/Actor/Pack/Weapon_Shield_025.sbactorpack
Actor/Pack/Weapon_Shield_026.bactorpack,11712,content/Actor/Pack/Weapon_Shield_026.sbactorpack
Actor/Pack/Weapon_Shield_030.bactorpack,11584,content/Actor/Pack/Weapon_Shield_030.sbactorpack
Actor/Pack/Weapon_Shield_033.bactorpack,11648,content/Actor/Pack/Weapon_Shield_033.sbactorpack
Actor/Pack/Weapon_Shield_035.bactorpack,11712,content/Actor/Pack/Weapon_Shield_035.sbactorpack
Actor/Pack/Weapon_Shield_036.bactorpack,11648,content/Actor/Pack/Weapon_Shield_036.sbactorpack
Actor/Pack/Weapon_Shield_037.bactorpack,12032,content/Actor/Pack/Weapon_Shield_037.sbactorpack
Actor/Pack/Weapon_Shield_041.bactorpack,11744,content/Actor/Pack/Weapon_Shield_041.sbactorpack
Actor/Pack/Weapon_Shield_042.bactorpack,24768,content/Actor/Pack/Weapon_Shield_042.sbactorpack
Actor/Pack/Weapon_Spear_001.bactorpack,12608,content/Actor/Pack/Weapon_Spear_001.sbactorpack
Actor/Pack/Weapon_Spear_002.bactorpack,12608,content/Actor/Pack/Weapon_Spear_002.sbactorpack
Actor/Pack/Weapon_Spear_003.bactorpack,12672,content/Actor/Pack/Weapon_Spear_003.sbactorpack
Actor/Pack/Weapon_Spear_013.bactorpack,17280,content/Actor/Pack/Weapon_Spear_013.sbactorpack
Actor/Pack/Weapon_Spear_014.bactorpack,17248,content/Actor/Pack/Weapon_Spear_014.sbactorpack
Actor/Pack/Weapon_Spear_015.bactorpack,17248,content/Actor/Pack/Weapon_Spear_015.sbactorpack
Actor/Pack/Weapon_Spear_016.bactorpack,21600,content/Actor/Pack/Weapon_Spear_016.sbactorpack
Actor/Pack/Weapon_Spear_017.bactorpack,21664,content/Actor/Pack/Weapon_Spear_017.sbactorpack
Actor/Pack/Weapon_Spear_018.bactorpack,29184,content/Actor/Pack/Weapon_Spear_018.sbactorpack
Actor/Pack/Weapon_Spear_024.bactorpack,27040,content/Actor/Pack/Weapon_Spear_024.sbactorpack
Actor/Pack/Weapon_Spear_025.bactorpack,12576,content/Actor/Pack/Weapon_Spear_025.sbactorpack
Actor/Pack/Weapon_Spear_027.bactorpack,12608,content/Actor/Pack/Weapon_Spear_027.sbactorpack
Actor/Pack/Weapon_Spear_028.bactorpack,12640,content/Actor/Pack/Weapon_Spear_028.sbactorpack
Actor/Pack/Weapon_Spear_029.bactorpack,12640,content/Actor/Pack/Weapon_Spear_029.sbactorpack
Actor/Pack/Weapon_Spear_030.bactorpack,12576,content/Actor/Pack/Weapon_Spear_030.sbactorpack
Actor/Pack/Weapon_Spear_031.bactorpack,12544,content/Actor/Pack/Weapon_Spear_031.sbactorpack
Actor/Pack/Weapon_Spear_032.bactorpack,24544,content/Actor/Pack/Weapon_Spear_032.sbactorpack
Actor/Pack/Weapon_Spear_033.bactorpack,22720,content/Actor/Pack/Weapon_Spear_033.sbactorpack
Actor/Pack/Weapon_Spear_034.bactorpack,23840,content/Actor/Pack/Weapon_Spear_034.sbactorpack
Actor/Pack/Weapon_Spear_035.bactorpack,22720,content/Actor/Pack/Weapon_Spear_035.sbactorpack
Actor/Pack/Weapon_Spear_037.bactorpack,12672,content/Actor/Pack/Weapon_Spear_037.sbactorpack
Actor/Pack/Weapon_Spear_047.bactorpack,27008,content/Actor/Pack/Weapon_Spear_047.sbactorpack
Actor/Pack/Weapon_Spear_050.bactorpack,20032,content/Actor/Pack/Weapon_Spear_050.sbactorpack
Actor/Pack/Weapon_Sword_001.bactorpack,13216,content/Actor/Pack/Weapon_Sword_001.sbactorpack
Actor/Pack/Weapon_Sword_002.bactorpack,13248,content/Actor/Pack/Weapon_Sword_002.sbactorpack
Actor/Pack/Weapon_Sword_003.bactorpack,13216,content/Actor/Pack/Weapon_Sword_003.sbactorpack
Actor/Pack/Weapon_Sword_013.bactorpack,18688,content/Actor/Pack/Weapon_Sword_013.sbactorpack
Actor/Pack/Weapon_Sword_014.bactorpack,18688,content/Actor/Pack/Weapon_Sword_014.sbactorpack
Actor/Pack/Weapon_Sword_015.bactorpack,18688,content/Actor/Pack/Weapon_Sword_015.sbactorpack
Actor/Pack/Weapon_Sword_016.bactorpack,22048,content/Actor/Pack/Weapon_Sword_016.sbactorpack
Actor/Pack/Weapon_Sword_017.bactorpack,22112,content/Actor/Pack/Weapon_Sword_017.sbactorpack
Actor/Pack/Weapon_Sword_018.bactorpack,22176,content/Actor/Pack/Weapon_Sword_018.sbactorpack
Actor/Pack/Weapon_Sword_024.bactorpack,13280,content/Actor/Pack/Weapon_Sword_024.sbactorpack
Actor/Pack/Weapon_Sword_025.bactorpack,13120,content/Actor/Pack/Weapon_Sword_025.sbactorpack
Actor/Pack/Weapon_Sword_027.bactorpack,13184,content/Actor/Pack/Weapon_Sword_027.sbactorpack
Actor/Pack/Weapon_Sword_029.bactorpack,13184,content/Actor/Pack/Weapon_Sword_029.sbactorpack
Actor/Pack/Weapon_Sword_030.bactorpack,13184,content/Actor/Pack/Weapon_Sword_030.sbactorpack
Actor/Pack/Weapon_Sword_031.bactorpack,13152,content/Actor/Pack/Weapon_Sword_031.sbactorpack
Actor/Pack/Weapon_Sword_033.bactorpack,14016,content/Actor/Pack/Weapon_Sword_033.sbactorpack
Actor/Pack/Weapon_Sword_034.bactorpack,13952,content/Actor/Pack/Weapon_Sword_034.sbactorpack
Actor/Pack/Weapon_Sword_035.bactorpack,13952,content/Actor/Pack/Weapon_Sword_035.sbactorpack
Actor/Pack/Weapon_Sword_041.bactorpack,13216,content/Actor/Pack/Weapon_Sword_041.sbactorpack
Actor/Pack/Weapon_Sword_047.bactorpack,13152,content/Actor/Pack/Weapon_Sword_047.sbactorpack
Actor/Pack/Weapon_Sword_048.bactorpack,14016,content/Actor/Pack/Weapon_Sword_048.sbactorpack
Actor/Pack/Weapon_Sword_049.bactorpack,13984,content/Actor/Pack/Weapon_Sword_049.sbactorpack
Actor/Pack/Weapon_Sword_050.bactorpack,13984,content/Actor/Pack/Weapon_Sword_050.sbactorpack
Actor/Pack/Weapon_Sword_051.bactorpack,13024,content/Actor/Pack/Weapon_Sword_051.sbactorpack
Actor/Pack/Weapon_Sword_052.bactorpack,13504,content/Actor/Pack/Weapon_Sword_052.sbactorpack
Actor/Pack/Weapon_Sword_060.bactorpack,13984,content/Actor/Pack/Weapon_Sword_060.sbactorpack
Actor/Pack/Weapon_Sword_061.bactorpack,14016,content/Actor/Pack/Weapon_Sword_061.sbactorpack
Actor/Pack/Weapon_Sword_062.bactorpack,13984,content/Actor/Pack/Weapon_Sword_062.sbactorpack
Event/TwnObj_AncientOven_A_02.beventpack,114784,content/Event/TwnObj_AncientOven_A_02.sbeventpack
Model/Item_Feather.bfres,0,content/Model/Item_Feather.sbfres
Model/Item_Feather.Tex1.bfres,0,content/Model/Item_Feather.Tex1.sbfres
Model/Item_Feather.Tex2.bfres,0,content/Model/Item_Feather.Tex2.sbfres
Model/Item_Ore_Ancient.bfres,0,content/Model/Item_Ore_Ancient.sbfres
Model/Item_Ore_Ancient.Tex1.bfres,0,content/Model/Item_Ore_Ancient.Tex1.sbfres
Model/Item_Ore_Ancient.Tex2.bfres,0,content/Model/Item_Ore_Ancient.Tex2.sbfres
Model/Item_Ore_Coal.bfres,0,content/Model/Item_Ore_Coal.sbfres
Model/Item_Ore_Coal.Tex1.bfres,0,content/Model/Item_Ore_Coal.Tex1.sbfres
Model/Item_Ore_Coal.Tex2.bfres,0,content/Model/Item_Ore_Coal.Tex2.sbfres
Model/Item_Ore_Eldin.bfres,0,content/Model/Item_Ore_Eldin.sbfres
Model/Item_Ore_Eldin.Tex1.bfres,0,content/Model/Item_Ore_Eldin.Tex1.sbfres
Model/Item_Ore_Eldin.Tex2.bfres,0,content/Model/Item_Ore_Eldin.Tex2.sbfres
Model/Item_Ore_Gold.bfres,0,content/Model/Item_Ore_Gold.sbfres
Model/Item_Ore_Gold.Tex1.bfres,0,content/Model/Item_Ore_Gold.Tex1.sbfres
Model/Item_Ore_Gold.Tex2.bfres,0,content/Model/Item_Ore_Gold.Tex2.sbfres
Model/Item_Ore_Iron.bfres,0,content/Model/Item_Ore_Iron.sbfres
Model/Item_Ore_Iron.Tex1.bfres,0,content/Model/Item_Ore_Iron.Tex1.sbfres
Model/Item_Ore_Iron.Tex2.bfres,0,content/Model/Item_Ore_Iron.Tex2.sbfres
Model/Item_Ore_Silver.bfres,0,content/Model/Item_Ore_Silver.sbfres
Model/Item_Ore_Silver.Tex1.bfres,0,content/Model/Item_Ore_Silver.Tex1.sbfres
Model/Item_Ore_Silver.Tex2.bfres,0,content/Model/Item_Ore_Silver.Tex2.sbfres
Model/Item_Ore_Steel.bfres,0,content/Model/Item_Ore_Steel.sbfres
Model/Item_Ore_Steel.Tex1.bfres,0,content/Model/Item_Ore_Steel.Tex1.sbfres
Model/Item_Ore_Steel.Tex2.bfres,0,content/Model/Item_Ore_Steel.Tex2.sbfres
UI/StockItem/Item_Feather.bitemico,39348,content/UI/StockItem/Item_Feather.sbitemico
UI/StockItem/Item_Ore_Ancient.bitemico,39348,content/UI/StockItem/Item_Ore_Ancient.sbitemico
UI/StockItem/Item_Ore_Coal.bitemico,39348,content/UI/StockItem/Item_Ore_Coal.sbitemico
UI/StockItem/Item_Ore_Eldin.bitemico,39348,content/UI/StockItem/Item_Ore_Eldin.sbitemico
UI/StockItem/Item_Ore_Gold.bitemico,39348,content/UI/StockItem/Item_Ore_Gold.sbitemico
UI/StockItem/Item_Ore_Iron.bitemico,39348,content/UI/StockItem/Item_Ore_Iron.sbitemico
UI/StockItem/Item_Ore_Silver.bitemico,39348,content/UI/StockItem/Item_Ore_Silver.sbitemico
UI/StockItem/Item_Ore_Steel.bitemico,39348,content/UI/StockItem/Item_Ore_Steel.sbitemico
Actor/DropTable/Animal_BirdFire.bdrop,0,content/Actor/Pack/Animal_Cassowary_A.sbactorpack//Actor/DropTable/Animal_BirdFire.bdrop
Actor/DropTable/Animal_Bird.bdrop,0,content/Actor/Pack/Animal_Crow_A.sbactorpack//Actor/DropTable/Animal_Bird.bdrop
Actor/DropTable/Animal_Bird.bdrop,0,content/Actor/Pack/Animal_Gull_A.sbactorpack//Actor/DropTable/Animal_Bird.bdrop
Actor/DropTable/Animal_Bird_Sky.bdrop,0,content/Actor/Pack/Animal_Hawk_A.sbactorpack//Actor/DropTable/Animal_Bird_Sky.bdrop
Actor/DropTable/Animal_Bird.bdrop,0,content/Actor/Pack/Animal_Heron_A.sbactorpack//Actor/DropTable/Animal_Bird.bdrop
Actor/DropTable/Animal_Bird_Normal2.bdrop,0,content/Actor/Pack/Animal_Heron_B.sbactorpack//Actor/DropTable/Animal_Bird_Normal2.bdrop
Actor/DropTable/Animal_LittleBird.bdrop,0,content/Actor/Pack/Animal_LittleBird_A.sbactorpack//Actor/DropTable/Animal_LittleBird.bdrop
Actor/DropTable/Animal_LittleBird.bdrop,0,content/Actor/Pack/Animal_LittleBird_B.sbactorpack//Actor/DropTable/Animal_LittleBird.bdrop
Actor/DropTable/Animal_LittleBird.bdrop,0,content/Actor/Pack/Animal_LittleBird_C.sbactorpack//Actor/DropTable/Animal_LittleBird.bdrop
Actor/DropTable/Animal_LittleBird.bdrop,0,content/Actor/Pack/Animal_LittleBird_D.sbactorpack//Actor/DropTable/Animal_LittleBird.bdrop
Actor/DropTable/Animal_LittleBird.bdrop,0,content/Actor/Pack/Animal_LittleBird_E.sbactorpack//Actor/DropTable/Animal_LittleBird.bdrop
Actor/DropTable/Animal_LittleBird.bdrop,0,content/Actor/Pack/Animal_LittleBird_F.sbactorpack//Actor/DropTable/Animal_LittleBird.bdrop
Actor/DropTable/Animal_Bird.bdrop,0,content/Actor/Pack/Animal_Pigeon_A.sbactorpack//Actor/DropTable/Animal_Bird.bdrop
Actor/DropTable/Animal_Bird_Rare.bdrop,0,content/Actor/Pack/Animal_Pigeon_B.sbactorpack//Actor/DropTable/Animal_Bird_Rare.bdrop
Actor/DropTable/Enemy_Golem_Fire.bdrop,0,content/Actor/Pack/Enemy_Golem_Fire.sbactorpack//Actor/DropTable/Enemy_Golem_Fire.bdrop
Actor/DropTable/Enemy_Golem_Ice.bdrop,0,content/Actor/Pack/Enemy_Golem_Ice.sbactorpack//Actor/DropTable/Enemy_Golem_Ice.bdrop
Actor/DropTable/Enemy_Golem_Junior.bdrop,0,content/Actor/Pack/Enemy_Golem_Junior.sbactorpack//Actor/DropTable/Enemy_Golem_Junior.bdrop
Actor/DropTable/Enemy_Golem_Senior.bdrop,0,content/Actor/Pack/Enemy_Golem_Senior.sbactorpack//Actor/DropTable/Enemy_Golem_Senior.bdrop
Actor/GeneralParamList/Item_Bow_028_Broken.bgparamlist,0,content/Actor/Pack/Item_Bow_028_Broken.sbactorpack//Actor/GeneralParamList/Item_Bow_028_Broken.bgparamlist
Actor/ActorLink/Item_Bow_028_Broken.bxml,0,content/Actor/Pack/Item_Bow_028_Broken.sbactorpack//Actor/ActorLink/Item_Bow_028_Broken.bxml
Actor/GeneralParamList/Item_Feather.bgparamlist,0,content/Actor/Pack/Item_Feather.sbactorpack//Actor/GeneralParamList/Item_Feather.bgparamlist
Actor/ModelList/Item_Feather.bmodellist,0,content/Actor/Pack/Item_Feather.sbactorpack//Actor/ModelList/Item_Feather.bmodellist
Actor/ActorLink/Item_Feather.bxml,0,content/Actor/Pack/Item_Feather.sbactorpack//Actor/ActorLink/Item_Feather.bxml
Actor/GeneralParamList/Item_Lsword_054_Broken.bgparamlist,0,content/Actor/Pack/Item_Lsword_054_Broken.sbactorpack//Actor/GeneralParamList/Item_Lsword_054_Broken.bgparamlist
Actor/ActorLink/Item_Lsword_054_Broken.bxml,0,content/Actor/Pack/Item_Lsword_054_Broken.sbactorpack//Actor/ActorLink/Item_Lsword_054_Broken.bxml
Actor/Recipe/Item_Ore_Ancient.brecipe,0,content/Actor/Pack/Item_Ore_Ancient.sbactorpack//Actor/Recipe/Item_Ore_Ancient.brecipe
Actor/ActorLink/Item_Ore_Ancient.bxml,0,content/Actor/Pack/Item_Ore_Ancient.sbactorpack//Actor/ActorLink/Item_Ore_Ancient.bxml
Actor/GeneralParamList/Item_Ore_Ancient.bgparamlist,0,content/Actor/Pack/Item_Ore_Ancient.sbactorpack//Actor/GeneralParamList/Item_Ore_Ancient.bgparamlist
Actor/ModelList/Item_Ore_Ancient.bmodellist,0,content/Actor/Pack/Item_Ore_Ancient.sbactorpack//Actor/ModelList/Item_Ore_Ancient.bmodellist
Actor/GeneralParamList/Item_Ore_Coal.bgparamlist,0,content/Actor/Pack/Item_Ore_Coal.sbactorpack//Actor/GeneralParamList/Item_Ore_Coal.bgparamlist
Actor/ModelList/Item_Ore_Coal.bmodellist,0,content/Actor/Pack/Item_Ore_Coal.sbactorpack//Actor/ModelList/Item_Ore_Coal.bmodellist
Actor/ActorLink/Item_Ore_Coal.bxml,0,content/Actor/Pack/Item_Ore_Coal.sbactorpack//Actor/ActorLink/Item_Ore_Coal.bxml
Actor/ModelList/Item_Ore_Eldin.bmodellist,0,content/Actor/Pack/Item_Ore_Eldin.sbactorpack//Actor/ModelList/Item_Ore_Eldin.bmodellist
Actor/GeneralParamList/Item_Ore_Eldin.bgparamlist,0,content/Actor/Pack/Item_Ore_Eldin.sbactorpack//Actor/GeneralParamList/Item_Ore_Eldin.bgparamlist
Actor/ActorLink/Item_Ore_Eldin.bxml,0,content/Actor/Pack/Item_Ore_Eldin.sbactorpack//Actor/ActorLink/Item_Ore_Eldin.bxml
Actor/GeneralParamList/Item_Ore_Gold.bgparamlist,0,content/Actor/Pack/Item_Ore_Gold.sbactorpack//Actor/GeneralParamList/Item_Ore_Gold.bgparamlist
Actor/ActorLink/Item_Ore_Gold.bxml,0,content/Actor/Pack/Item_Ore_Gold.sbactorpack//Actor/ActorLink/Item_Ore_Gold.bxml
Actor/ModelList/Item_Ore_Gold.bmodellist,0,content/Actor/Pack/Item_Ore_Gold.sbactorpack//Actor/ModelList/Item_Ore_Gold.bmodellist
Actor/ModelList/Item_Ore_Iron.bmodellist,0,content/Actor/Pack/Item_Ore_Iron.sbactorpack//Actor/ModelList/Item_Ore_Iron.bmodellist
Actor/ActorLink/Item_Ore_Iron.bxml,0,content/Actor/Pack/Item_Ore_Iron.sbactorpack//Actor/ActorLink/Item_Ore_Iron.bxml
Actor/GeneralParamList/Item_Ore_Iron.bgparamlist,0,content/Actor/Pack/Item_Ore_Iron.sbactorpack//Actor/GeneralParamList/Item_Ore_Iron.bgparamlist
Actor/ActorLink/Item_Ore_Silver.bxml,0,content/Actor/Pack/Item_Ore_Silver.sbactorpack//Actor/ActorLink/Item_Ore_Silver.bxml
Actor/ModelList/Item_Ore_Silver.bmodellist,0,content/Actor/Pack/Item_Ore_Silver.sbactorpack//Actor/ModelList/Item_Ore_Silver.bmodellist
Actor/GeneralParamList/Item_Ore_Silver.bgparamlist,0,content/Actor/Pack/Item_Ore_Silver.sbactorpack//Actor/GeneralParamList/Item_Ore_Silver.bgparamlist
Actor/GeneralParamList/Item_Ore_Steel.bgparamlist,0,content/Actor/Pack/Item_Ore_Steel.sbactorpack//Actor/GeneralParamList/Item_Ore_Steel.bgparamlist
Actor/ModelList/Item_Ore_Steel.bmodellist,0,content/Actor/Pack/Item_Ore_Steel.sbactorpack//Actor/ModelList/Item_Ore_Steel.bmodellist
Actor/Recipe/Item_Ore_Steel.brecipe,0,content/Actor/Pack/Item_Ore_Steel.sbactorpack//Actor/Recipe/Item_Ore_Steel.brecipe
Actor/ActorLink/Item_Ore_Steel.bxml,0,content/Actor/Pack/Item_Ore_Steel.sbactorpack//Actor/ActorLink/Item_Ore_Steel.bxml
Actor/GeneralParamList/Item_Shield_037_Broken.bgparamlist,0,content/Actor/Pack/Item_Shield_037_Broken.sbactorpack//Actor/GeneralParamList/Item_Shield_037_Broken.bgparamlist
Actor/ActorLink/Item_Shield_037_Broken.bxml,0,content/Actor/Pack/Item_Shield_037_Broken.sbactorpack//Actor/ActorLink/Item_Shield_037_Broken.bxml
Actor/ActorLink/Item_Spear_050_Broken.bxml,0,content/Actor/Pack/Item_Spear_050_Broken.sbactorpack//Actor/ActorLink/Item_Spear_050_Broken.bxml
Actor/GeneralParamList/Item_Spear_050_Broken.bgparamlist,0,content/Actor/Pack/Item_Spear_050_Broken.sbactorpack//Actor/GeneralParamList/Item_Spear_050_Broken.bgparamlist
Actor/ActorLink/Item_Sword_052_Broken.bxml,0,content/Actor/Pack/Item_Sword_052_Broken.sbactorpack//Actor/ActorLink/Item_Sword_052_Broken.bxml
Actor/GeneralParamList/Item_Sword_052_Broken.bgparamlist,0,content/Actor/Pack/Item_Sword_052_Broken.sbactorpack//Actor/GeneralParamList/Item_Sword_052_Broken.bgparamlist
Actor/Recipe/Obj_ArrowBundle_A_01.brecipe,0,content/Actor/Pack/Obj_ArrowBundle_A_01.sbactorpack//Actor/Recipe/Obj_ArrowBundle_A_01.brecipe
Actor/Recipe/Obj_ArrowBundle_A_02.brecipe,0,content/Actor/Pack/Obj_ArrowBundle_A_02.sbactorpack//Actor/Recipe/Obj_ArrowBundle_A_02.brecipe
Actor/Recipe/Obj_ArrowNormal_A_01.brecipe,0,content/Actor/Pack/Obj_ArrowNormal_A_01.sbactorpack//Actor/Recipe/Obj_ArrowNormal_A_01.brecipe
Actor/Recipe/Obj_BombArrow_A_01.brecipe,0,content/Actor/Pack/Obj_BombArrow_A_01.sbactorpack//Actor/Recipe/Obj_BombArrow_A_01.brecipe
Actor/Recipe/Obj_BombArrow_A_02.brecipe,0,content/Actor/Pack/Obj_BombArrow_A_02.sbactorpack//Actor/Recipe/Obj_BombArrow_A_02.brecipe
Actor/Recipe/Obj_BombArrow_A_03.brecipe,0,content/Actor/Pack/Obj_BombArrow_A_03.sbactorpack//Actor/Recipe/Obj_BombArrow_A_03.brecipe
Actor/Recipe/Obj_BombArrow_A_04.brecipe,0,content/Actor/Pack/Obj_BombArrow_A_04.sbactorpack//Actor/Recipe/Obj_BombArrow_A_04.brecipe
Actor/Recipe/Obj_ElectricArrow_A_01.brecipe,0,content/Actor/Pack/Obj_ElectricArrow_A_01.sbactorpack//Actor/Recipe/Obj_ElectricArrow_A_01.brecipe
Actor/Recipe/Obj_ElectricArrow_A_02.brecipe,0,content/Actor/Pack/Obj_ElectricArrow_A_02.sbactorpack//Actor/Recipe/Obj_ElectricArrow_A_02.brecipe
Actor/Recipe/Obj_ElectricArrow_A_03.brecipe,0,content/Actor/Pack/Obj_ElectricArrow_A_03.sbactorpack//Actor/Recipe/Obj_ElectricArrow_A_03.brecipe
Actor/Recipe/Obj_FireArrow_A_01.brecipe,0,content/Actor/Pack/Obj_FireArrow_A_01.sbactorpack//Actor/Recipe/Obj_FireArrow_A_01.brecipe
Actor/Recipe/Obj_FireArrow_A_02.brecipe,0,content/Actor/Pack/Obj_FireArrow_A_02.sbactorpack//Actor/Recipe/Obj_FireArrow_A_02.brecipe
Actor/Recipe/Obj_FireArrow_A_03.brecipe,0,content/Actor/Pack/Obj_FireArrow_A_03.sbactorpack//Actor/Recipe/Obj_FireArrow_A_03.brecipe
Actor/Recipe/Obj_IceArrow_A_01.brecipe,0,content/Actor/Pack/Obj_IceArrow_A_01.sbactorpack//Actor/Recipe/Obj_IceArrow_A_01.brecipe
Actor/Recipe/Obj_IceArrow_A_02.brecipe,0,content/Actor/Pack/Obj_IceArrow_A_02.sbactorpack//Actor/Recipe/Obj_IceArrow_A_02.brecipe
Actor/Recipe/Obj_IceArrow_A_03.brecipe,0,content/Actor/Pack/Obj_IceArrow_A_03.sbactorpack//Actor/Recipe/Obj_IceArrow_A_03.brecipe
Actor/DropTable/Mineral_Iron.bdrop,0,content/Actor/Pack/Obj_Mineral_A_01.sbactorpack//Actor/DropTable/Mineral_Iron.bdrop
Actor/ActorLink/Obj_Mineral_A_01_DeathMountain.bxml,0,content/Actor/Pack/Obj_Mineral_A_01_DeathMountain.sbactorpack//Actor/ActorLink/Obj_Mineral_A_01_DeathMountain.bxml
Actor/DropTable/Mineral_DeathMountain.bdrop,0,content/Actor/Pack/Obj_Mineral_A_01_DeathMountain.sbactorpack//Actor/DropTable/Mineral_DeathMountain.bdrop
Actor/GeneralParamList/Obj_Mineral_A_DeathMountain.bgparamlist,0,content/Actor/Pack/Obj_Mineral_A_01_DeathMountain.sbactorpack//Actor/GeneralParamList/Obj_Mineral_A_DeathMountain.bgparamlist
Actor/DropTable/Mineral_Jewel2.bdrop,0,content/Actor/Pack/Obj_Mineral_B_01.sbactorpack//Actor/DropTable/Mineral_Jewel2.bdrop
Actor/ActorLink/Obj_Mineral_B_01_DeathMountain.bxml,0,content/Actor/Pack/Obj_Mineral_B_01_DeathMountain.sbactorpack//Actor/ActorLink/Obj_Mineral_B_01_DeathMountain.bxml
Actor/DropTable/Mineral_RareDeathMountain.bdrop,0,content/Actor/Pack/Obj_Mineral_B_01_DeathMountain.sbactorpack//Actor/DropTable/Mineral_RareDeathMountain.bdrop
Actor/GeneralParamList/Obj_Mineral_B_DeathMountain.bgparamlist,0,content/Actor/Pack/Obj_Mineral_B_01_DeathMountain.sbactorpack//Actor/GeneralParamList/Obj_Mineral_B_DeathMountain.bgparamlist
Actor/ActorLink/TwnObj_AncientOven_A_02.bxml,0,content/Actor/Pack/TwnObj_AncientOven_A_02.sbactorpack//Actor/ActorLink/TwnObj_AncientOven_A_02.bxml
Actor/ShopData/Crafting_Misc.bshop,0,content/Actor/Pack/TwnObj_AncientOven_A_02.sbactorpack//Actor/ShopData/Crafting_Misc.bshop
Actor/AISchedule/TwnObj_AncientOven_A_02.baischedule,2536,content/Actor/Pack/TwnObj_AncientOven_A_02.sbactorpack//Actor/AISchedule/TwnObj_AncientOven_A_02.baischedule
Actor/AISchedule/TwnObj_AncientOven_A_02.baischedule,2536,content/Actor/Pack/TwnObj_AncientOven_A_02_Bow.sbactorpack//Actor/AISchedule/TwnObj_AncientOven_A_02.baischedule
Actor/ShopData/Crafting_Bow.bshop,0,content/Actor/Pack/TwnObj_AncientOven_A_02_Bow.sbactorpack//Actor/ShopData/Crafting_Bow.bshop
Actor/ActorLink/TwnObj_AncientOven_A_02_Bow.bxml,0,content/Actor/Pack/TwnObj_AncientOven_A_02_Bow.sbactorpack//Actor/ActorLink/TwnObj_AncientOven_A_02_Bow.bxml
Actor/AISchedule/TwnObj_AncientOven_A_02.baischedule,2536,content/Actor/Pack/TwnObj_AncientOven_A_02_Lsword.sbactorpack//Actor/AISchedule/TwnObj_AncientOven_A_02.baischedule
Actor/ShopData/Crafting_Lsword.bshop,0,content/Actor/Pack/TwnObj_AncientOven_A_02_Lsword.sbactorpack//Actor/ShopData/Crafting_Lsword.bshop
Actor/ActorLink/TwnObj_AncientOven_A_02_Lsword.bxml,0,content/Actor/Pack/TwnObj_AncientOven_A_02_Lsword.sbactorpack//Actor/ActorLink/TwnObj_AncientOven_A_02_Lsword.bxml
Actor/AISchedule/TwnObj_AncientOven_A_02.baischedule,2536,content/Actor/Pack/TwnObj_AncientOven_A_02_Shield.sbactorpack//Actor/AISchedule/TwnObj_AncientOven_A_02.baischedule
Actor/ActorLink/TwnObj_AncientOven_A_02_Shield.bxml,0,content/Actor/Pack/TwnObj_AncientOven_A_02_Shield.sbactorpack//Actor/ActorLink/TwnObj_AncientOven_A_02_Shield.bxml
Actor/ShopData/Crafting_Shield.bshop,0,content/Actor/Pack/TwnObj_AncientOven_A_02_Shield.sbactorpack//Actor/ShopData/Crafting_Shield.bshop
Actor/ShopData/Crafting_Spear.bshop,0,content/Actor/Pack/TwnObj_AncientOven_A_02_Spear.sbactorpack//Actor/ShopData/Crafting_Spear.bshop
Actor/AISchedule/TwnObj_AncientOven_A_02.baischedule,2536,content/Actor/Pack/TwnObj_AncientOven_A_02_Spear.sbactorpack//Actor/AISchedule/TwnObj_AncientOven_A_02.baischedule
Actor/ActorLink/TwnObj_AncientOven_A_02_Spear.bxml,0,content/Actor/Pack/TwnObj_AncientOven_A_02_Spear.sbactorpack//Actor/ActorLink/TwnObj_AncientOven_A_02_Spear.bxml
Actor/Physics/TwnObj_Anvil.bphysics,0,content/Actor/Pack/TwnObj_Anvil.sbactorpack//Actor/Physics/TwnObj_Anvil.bphysics
Actor/AttClientList/TwnObj_Anvil.batcllist,0,content/Actor/Pack/TwnObj_Anvil.sbactorpack//Actor/AttClientList/TwnObj_Anvil.batcllist
Actor/ActorLink/TwnObj_Anvil.bxml,0,content/Actor/Pack/TwnObj_Anvil.sbactorpack//Actor/ActorLink/TwnObj_Anvil.bxml
Actor/AISchedule/TwnObj_AncientOven_A_02.baischedule,2536,content/Actor/Pack/TwnObj_Anvil.sbactorpack//Actor/AISchedule/TwnObj_AncientOven_A_02.baischedule
Actor/AttClient/Anvil_LockOn.batcl,0,content/Actor/Pack/TwnObj_Anvil.sbactorpack//Actor/AttClient/Anvil_LockOn.batcl
Actor/ShopData/Crafting_Sword.bshop,0,content/Actor/Pack/TwnObj_Anvil.sbactorpack//Actor/ShopData/Crafting_Sword.bshop
Actor/AttClient/Anvil_Talk.batcl,0,content/Actor/Pack/TwnObj_Anvil.sbactorpack//Actor/AttClient/Anvil_Talk.batcl
Actor/Recipe/Weapon_Bow_001.brecipe,0,content/Actor/Pack/Weapon_Bow_001.sbactorpack//Actor/Recipe/Weapon_Bow_001.brecipe
Actor/ActorLink/Weapon_Bow_001.bxml,0,content/Actor/Pack/Weapon_Bow_001.sbactorpack//Actor/ActorLink/Weapon_Bow_001.bxml
Actor/GeneralParamList/Weapon_Bow_001.bgparamlist,0,content/Actor/Pack/Weapon_Bow_001.sbactorpack//Actor/GeneralParamList/Weapon_Bow_001.bgparamlist
Actor/GeneralParamList/Weapon_Bow_002.bgparamlist,0,content/Actor/Pack/Weapon_Bow_002.sbactorpack//Actor/GeneralParamList/Weapon_Bow_002.bgparamlist
Actor/Recipe/Weapon_Bow_002.brecipe,0,content/Actor/Pack/Weapon_Bow_002.sbactorpack//Actor/Recipe/Weapon_Bow_002.brecipe
Actor/ActorLink/Weapon_Bow_002.bxml,0,content/Actor/Pack/Weapon_Bow_002.sbactorpack//Actor/ActorLink/Weapon_Bow_002.bxml
Actor/GeneralParamList/Weapon_Bow_009.bgparamlist,0,content/Actor/Pack/Weapon_Bow_009.sbactorpack//Actor/GeneralParamList/Weapon_Bow_009.bgparamlist
Actor/ActorLink/Weapon_Bow_009.bxml,0,content/Actor/Pack/Weapon_Bow_009.sbactorpack//Actor/ActorLink/Weapon_Bow_009.bxml
Actor/Recipe/Weapon_Bow_009.brecipe,0,content/Actor/Pack/Weapon_Bow_009.sbactorpack//Actor/Recipe/Weapon_Bow_009.brecipe
Actor/GeneralParamList/Weapon_Bow_013.bgparamlist,0,content/Actor/Pack/Weapon_Bow_013.sbactorpack//Actor/GeneralParamList/Weapon_Bow_013.bgparamlist
Actor/Recipe/Weapon_Bow_013.brecipe,0,content/Actor/Pack/Weapon_Bow_013.sbactorpack//Actor/Recipe/Weapon_Bow_013.brecipe
Actor/ActorLink/Weapon_Bow_013.bxml,0,content/Actor/Pack/Weapon_Bow_013.sbactorpack//Actor/ActorLink/Weapon_Bow_013.bxml
Actor/Recipe/Weapon_Bow_014.brecipe,0,content/Actor/Pack/Weapon_Bow_014.sbactorpack//Actor/Recipe/Weapon_Bow_014.brecipe
Actor/GeneralParamList/Weapon_Bow_014.bgparamlist,0,content/Actor/Pack/Weapon_Bow_014.sbactorpack//Actor/GeneralParamList/Weapon_Bow_014.bgparamlist
Actor/ActorLink/Weapon_Bow_014.bxml,0,content/Actor/Pack/Weapon_Bow_014.sbactorpack//Actor/ActorLink/Weapon_Bow_014.bxml
Actor/Recipe/Weapon_Bow_015.brecipe,0,content/Actor/Pack/Weapon_Bow_015.sbactorpack//Actor/Recipe/Weapon_Bow_015.brecipe
Actor/GeneralParamList/Weapon_Bow_015.bgparamlist,0,content/Actor/Pack/Weapon_Bow_015.sbactorpack//Actor/GeneralParamList/Weapon_Bow_015.bgparamlist
Actor/ActorLink/Weapon_Bow_015.bxml,0,content/Actor/Pack/Weapon_Bow_015.sbactorpack//Actor/ActorLink/Weapon_Bow_015.bxml
Actor/Recipe/Weapon_Bow_016.brecipe,0,content/Actor/Pack/Weapon_Bow_016.sbactorpack//Actor/Recipe/Weapon_Bow_016.brecipe
Actor/ActorLink/Weapon_Bow_016.bxml,0,content/Actor/Pack/Weapon_Bow_016.sbactorpack//Actor/ActorLink/Weapon_Bow_016.bxml
Actor/GeneralParamList/Weapon_Bow_016.bgparamlist,0,content/Actor/Pack/Weapon_Bow_016.sbactorpack//Actor/GeneralParamList/Weapon_Bow_016.bgparamlist
Actor/ActorLink/Weapon_Bow_017.bxml,0,content/Actor/Pack/Weapon_Bow_017.sbactorpack//Actor/ActorLink/Weapon_Bow_017.bxml
Actor/GeneralParamList/Weapon_Bow_017.bgparamlist,0,content/Actor/Pack/Weapon_Bow_017.sbactorpack//Actor/GeneralParamList/Weapon_Bow_017.bgparamlist
Actor/Recipe/Weapon_Bow_017.brecipe,0,content/Actor/Pack/Weapon_Bow_017.sbactorpack//Actor/Recipe/Weapon_Bow_017.brecipe
Actor/ActorLink/Weapon_Bow_026.bxml,0,content/Actor/Pack/Weapon_Bow_026.sbactorpack//Actor/ActorLink/Weapon_Bow_026.bxml
Actor/Recipe/Weapon_Bow_026.brecipe,0,content/Actor/Pack/Weapon_Bow_026.sbactorpack//Actor/Recipe/Weapon_Bow_026.brecipe
Actor/GeneralParamList/Weapon_Bow_026.bgparamlist,0,content/Actor/Pack/Weapon_Bow_026.sbactorpack//Actor/GeneralParamList/Weapon_Bow_026.bgparamlist
Actor/DropTable/Weapon_Bow_028.bdrop,0,content/Actor/Pack/Weapon_Bow_028.sbactorpack//Actor/DropTable/Weapon_Bow_028.bdrop
Actor/Recipe/Weapon_Bow_028.brecipe,0,content/Actor/Pack/Weapon_Bow_028.sbactorpack//Actor/Recipe/Weapon_Bow_028.brecipe
Actor/ActorLink/Weapon_Bow_028.bxml,0,content/Actor/Pack/Weapon_Bow_028.sbactorpack//Actor/ActorLink/Weapon_Bow_028.bxml
Actor/GeneralParamList/Weapon_Bow_029.bgparamlist,0,content/Actor/Pack/Weapon_Bow_029.sbactorpack//Actor/GeneralParamList/Weapon_Bow_029.bgparamlist
Actor/ActorLink/Weapon_Bow_029.bxml,0,content/Actor/Pack/Weapon_Bow_029.sbactorpack//Actor/ActorLink/Weapon_Bow_029.bxml
Actor/Recipe/Weapon_Bow_029.brecipe,0,content/Actor/Pack/Weapon_Bow_029.sbactorpack//Actor/Recipe/Weapon_Bow_029.brecipe
Actor/Recipe/Weapon_Bow_032.brecipe,0,content/Actor/Pack/Weapon_Bow_032.sbactorpack//Actor/Recipe/Weapon_Bow_032.brecipe
Actor/ActorLink/Weapon_Bow_032.bxml,0,content/Actor/Pack/Weapon_Bow_032.sbactorpack//Actor/ActorLink/Weapon_Bow_032.bxml
Actor/GeneralParamList/Weapon_Bow_032.bgparamlist,0,content/Actor/Pack/Weapon_Bow_032.sbactorpack//Actor/GeneralParamList/Weapon_Bow_032.bgparamlist
Actor/GeneralParamList/Weapon_Bow_033.bgparamlist,0,content/Actor/Pack/Weapon_Bow_033.sbactorpack//Actor/GeneralParamList/Weapon_Bow_033.bgparamlist
Actor/Recipe/Weapon_Bow_033.brecipe,0,content/Actor/Pack/Weapon_Bow_033.sbactorpack//Actor/Recipe/Weapon_Bow_033.brecipe
Actor/ActorLink/Weapon_Bow_033.bxml,0,content/Actor/Pack/Weapon_Bow_033.sbactorpack//Actor/ActorLink/Weapon_Bow_033.bxml
Actor/GeneralParamList/Weapon_Bow_035.bgparamlist,0,content/Actor/Pack/Weapon_Bow_035.sbactorpack//Actor/GeneralParamList/Weapon_Bow_035.bgparamlist
Actor/ActorLink/Weapon_Bow_035.bxml,0,content/Actor/Pack/Weapon_Bow_035.sbactorpack//Actor/ActorLink/Weapon_Bow_035.bxml
Actor/Recipe/Weapon_Bow_035.brecipe,0,content/Actor/Pack/Weapon_Bow_035.sbactorpack//Actor/Recipe/Weapon_Bow_035.brecipe
Actor/ActorLink/Weapon_Bow_036.bxml,0,content/Actor/Pack/Weapon_Bow_036.sbactorpack//Actor/ActorLink/Weapon_Bow_036.bxml
Actor/Recipe/Weapon_Bow_036.brecipe,0,content/Actor/Pack/Weapon_Bow_036.sbactorpack//Actor/Recipe/Weapon_Bow_036.brecipe
Actor/GeneralParamList/Weapon_Bow_036.bgparamlist,0,content/Actor/Pack/Weapon_Bow_036.sbactorpack//Actor/GeneralParamList/Weapon_Bow_036.bgparamlist
Actor/ActorLink/Weapon_Bow_038.bxml,0,content/Actor/Pack/Weapon_Bow_038.sbactorpack//Actor/ActorLink/Weapon_Bow_038.bxml
Actor/Recipe/Weapon_Bow_038.brecipe,0,content/Actor/Pack/Weapon_Bow_038.sbactorpack//Actor/Recipe/Weapon_Bow_038.brecipe
Actor/GeneralParamList/Weapon_Bow_038.bgparamlist,0,content/Actor/Pack/Weapon_Bow_038.sbactorpack//Actor/GeneralParamList/Weapon_Bow_038.bgparamlist
Actor/GeneralParamList/Weapon_Lsword_001.bgparamlist,0,content/Actor/Pack/Weapon_Lsword_001.sbactorpack//Actor/GeneralParamList/Weapon_Lsword_001.bgparamlist
Actor/ActorLink/Weapon_Lsword_001.bxml,0,content/Actor/Pack/Weapon_Lsword_001.sbactorpack//Actor/ActorLink/Weapon_Lsword_001.bxml
Actor/Recipe/Weapon_Lsword_001.brecipe,0,content/Actor/Pack/Weapon_Lsword_001.sbactorpack//Actor/Recipe/Weapon_Lsword_001.brecipe
Actor/Recipe/Weapon_Lsword_002.brecipe,0,content/Actor/Pack/Weapon_Lsword_002.sbactorpack//Actor/Recipe/Weapon_Lsword_002.brecipe
Actor/GeneralParamList/Weapon_Lsword_002.bgparamlist,0,content/Actor/Pack/Weapon_Lsword_002.sbactorpack//Actor/GeneralParamList/Weapon_Lsword_002.bgparamlist
Actor/ActorLink/Weapon_Lsword_002.bxml,0,content/Actor/Pack/Weapon_Lsword_002.sbactorpack//Actor/ActorLink/Weapon_Lsword_002.bxml
Actor/GeneralParamList/Weapon_Lsword_003.bgparamlist,0,content/Actor/Pack/Weapon_Lsword_003.sbactorpack//Actor/GeneralParamList/Weapon_Lsword_003.bgparamlist
Actor/ActorLink/Weapon_Lsword_003.bxml,0,content/Actor/Pack/Weapon_Lsword_003.sbactorpack//Actor/ActorLink/Weapon_Lsword_003.bxml
Actor/Recipe/Weapon_Lsword_003.brecipe,0,content/Actor/Pack/Weapon_Lsword_003.sbactorpack//Actor/Recipe/Weapon_Lsword_003.brecipe
Actor/Recipe/Weapon_Lsword_013.brecipe,0,content/Actor/Pack/Weapon_Lsword_013.sbactorpack//Actor/Recipe/Weapon_Lsword_013.brecipe
Actor/ActorLink/Weapon_Lsword_013.bxml,0,content/Actor/Pack/Weapon_Lsword_013.sbactorpack//Actor/ActorLink/Weapon_Lsword_013.bxml
Actor/GeneralParamList/Weapon_Lsword_013.bgparamlist,0,content/Actor/Pack/Weapon_Lsword_013.sbactorpack//Actor/GeneralParamList/Weapon_Lsword_013.bgparamlist
Actor/GeneralParamList/Weapon_Lsword_014.bgparamlist,0,content/Actor/Pack/Weapon_Lsword_014.sbactorpack//Actor/GeneralParamList/Weapon_Lsword_014.bgparamlist
Actor/Recipe/Weapon_Lsword_014.brecipe,0,content/Actor/Pack/Weapon_Lsword_014.sbactorpack//Actor/Recipe/Weapon_Lsword_014.brecipe
Actor/ActorLink/Weapon_Lsword_014.bxml,0,content/Actor/Pack/Weapon_Lsword_014.sbactorpack//Actor/ActorLink/Weapon_Lsword_014.bxml
Actor/ActorLink/Weapon_Lsword_015.bxml,0,content/Actor/Pack/Weapon_Lsword_015.sbactorpack//Actor/ActorLink/Weapon_Lsword_015.bxml
Actor/GeneralParamList/Weapon_Lsword_015.bgparamlist,0,content/Actor/Pack/Weapon_Lsword_015.sbactorpack//Actor/GeneralParamList/Weapon_Lsword_015.bgparamlist
Actor/Recipe/Weapon_Lsword_015.brecipe,0,content/Actor/Pack/Weapon_Lsword_015.sbactorpack//Actor/Recipe/Weapon_Lsword_015.brecipe
Actor/Recipe/Weapon_Lsword_016.brecipe,0,content/Actor/Pack/Weapon_Lsword_016.sbactorpack//Actor/Recipe/Weapon_Lsword_016.brecipe
Actor/GeneralParamList/Weapon_Lsword_016.bgparamlist,0,content/Actor/Pack/Weapon_Lsword_016.sbactorpack//Actor/GeneralParamList/Weapon_Lsword_016.bgparamlist
Actor/ActorLink/Weapon_Lsword_016.bxml,0,content/Actor/Pack/Weapon_Lsword_016.sbactorpack//Actor/ActorLink/Weapon_Lsword_016.bxml
Actor/ActorLink/Weapon_Lsword_017.bxml,0,content/Actor/Pack/Weapon_Lsword_017.sbactorpack//Actor/ActorLink/Weapon_Lsword_017.bxml
Actor/Recipe/Weapon_Lsword_017.brecipe,0,content/Actor/Pack/Weapon_Lsword_017.sbactorpack//Actor/Recipe/Weapon_Lsword_017.brecipe
Actor/GeneralParamList/Weapon_Lsword_017.bgparamlist,0,content/Actor/Pack/Weapon_Lsword_017.sbactorpack//Actor/GeneralParamList/Weapon_Lsword_017.bgparamlist
Actor/GeneralParamList/Weapon_Lsword_018.bgparamlist,0,content/Actor/Pack/Weapon_Lsword_018.sbactorpack//Actor/GeneralParamList/Weapon_Lsword_018.bgparamlist
Actor/Recipe/Weapon_Lsword_018.brecipe,0,content/Actor/Pack/Weapon_Lsword_018.sbactorpack//Actor/Recipe/Weapon_Lsword_018.brecipe
Actor/ActorLink/Weapon_Lsword_018.bxml,0,content/Actor/Pack/Weapon_Lsword_018.sbactorpack//Actor/ActorLink/Weapon_Lsword_018.bxml
Actor/ActorLink/Weapon_Lsword_024.bxml,0,content/Actor/Pack/Weapon_Lsword_024.sbactorpack//Actor/ActorLink/Weapon_Lsword_024.bxml
Actor/Recipe/Weapon_Lsword_024.brecipe,0,content/Actor/Pack/Weapon_Lsword_024.sbactorpack//Actor/Recipe/Weapon_Lsword_024.brecipe
Actor/GeneralParamList/Weapon_Lsword_024.bgparamlist,0,content/Actor/Pack/Weapon_Lsword_024.sbactorpack//Actor/GeneralParamList/Weapon_Lsword_024.bgparamlist
Actor/Recipe/Weapon_Lsword_027.brecipe,0,content/Actor/Pack/Weapon_Lsword_027.sbactorpack//Actor/Recipe/Weapon_Lsword_027.brecipe
Actor/GeneralParamList/Weapon_Lsword_027.bgparamlist,0,content/Actor/Pack/Weapon_Lsword_027.sbactorpack//Actor/GeneralParamList/Weapon_Lsword_027.bgparamlist
Actor/ActorLink/Weapon_Lsword_027.bxml,0,content/Actor/Pack/Weapon_Lsword_027.sbactorpack//Actor/ActorLink/Weapon_Lsword_027.bxml
Actor/ActorLink/Weapon_Lsword_029.bxml,0,content/Actor/Pack/Weapon_Lsword_029.sbactorpack//Actor/ActorLink/Weapon_Lsword_029.bxml
Actor/GeneralParamList/Weapon_Lsword_029.bgparamlist,0,content/Actor/Pack/Weapon_Lsword_029.sbactorpack//Actor/GeneralParamList/Weapon_Lsword_029.bgparamlist
Actor/Recipe/Weapon_Lsword_029.brecipe,0,content/Actor/Pack/Weapon_Lsword_029.sbactorpack//Actor/Recipe/Weapon_Lsword_029.brecipe
Actor/Recipe/Weapon_Lsword_033.brecipe,0,content/Actor/Pack/Weapon_Lsword_033.sbactorpack//Actor/Recipe/Weapon_Lsword_033.brecipe
Actor/GeneralParamList/Weapon_Lsword_033.bgparamlist,0,content/Actor/Pack/Weapon_Lsword_033.sbactorpack//Actor/GeneralParamList/Weapon_Lsword_033.bgparamlist
Actor/ActorLink/Weapon_Lsword_033.bxml,0,content/Actor/Pack/Weapon_Lsword_033.sbactorpack//Actor/ActorLink/Weapon_Lsword_033.bxml
Actor/GeneralParamList/Weapon_Lsword_034.bgparamlist,0,content/Actor/Pack/Weapon_Lsword_034.sbactorpack//Actor/GeneralParamList/Weapon_Lsword_034.bgparamlist
Actor/ActorLink/Weapon_Lsword_034.bxml,0,content/Actor/Pack/Weapon_Lsword_034.sbactorpack//Actor/ActorLink/Weapon_Lsword_034.bxml
Actor/Recipe/Weapon_Lsword_034.brecipe,0,content/Actor/Pack/Weapon_Lsword_034.sbactorpack//Actor/Recipe/Weapon_Lsword_034.brecipe
Actor/ActorLink/Weapon_Lsword_035.bxml,0,content/Actor/Pack/Weapon_Lsword_035.sbactorpack//Actor/ActorLink/Weapon_Lsword_035.bxml
Actor/GeneralParamList/Weapon_Lsword_035.bgparamlist,0,content/Actor/Pack/Weapon_Lsword_035.sbactorpack//Actor/GeneralParamList/Weapon_Lsword_035.bgparamlist
Actor/Recipe/Weapon_Lsword_035.brecipe,0,content/Actor/Pack/Weapon_Lsword_035.sbactorpack//Actor/Recipe/Weapon_Lsword_035.brecipe
Actor/Recipe/Weapon_Lsword_036.brecipe,0,content/Actor/Pack/Weapon_Lsword_036.sbactorpack//Actor/Recipe/Weapon_Lsword_036.brecipe
Actor/ActorLink/Weapon_Lsword_036.bxml,0,content/Actor/Pack/Weapon_Lsword_036.sbactorpack//Actor/ActorLink/Weapon_Lsword_036.bxml
Actor/GeneralParamList/Weapon_Lsword_036.bgparamlist,0,content/Actor/Pack/Weapon_Lsword_036.sbactorpack//Actor/GeneralParamList/Weapon_Lsword_036.bgparamlist
Actor/Recipe/Weapon_Lsword_037.brecipe,0,content/Actor/Pack/Weapon_Lsword_037.sbactorpack//Actor/Recipe/Weapon_Lsword_037.brecipe
Actor/ActorLink/Weapon_Lsword_037.bxml,0,content/Actor/Pack/Weapon_Lsword_037.sbactorpack//Actor/ActorLink/Weapon_Lsword_037.bxml
Actor/GeneralParamList/Weapon_Lsword_037.bgparamlist,0,content/Actor/Pack/Weapon_Lsword_037.sbactorpack//Actor/GeneralParamList/Weapon_Lsword_037.bgparamlist
Actor/GeneralParamList/Weapon_Lsword_041.bgparamlist,0,content/Actor/Pack/Weapon_Lsword_041.sbactorpack//Actor/GeneralParamList/Weapon_Lsword_041.bgparamlist
Actor/ActorLink/Weapon_Lsword_041.bxml,0,content/Actor/Pack/Weapon_Lsword_041.sbactorpack//Actor/ActorLink/Weapon_Lsword_041.bxml
Actor/Recipe/Weapon_Lsword_041.brecipe,0,content/Actor/Pack/Weapon_Lsword_041.sbactorpack//Actor/Recipe/Weapon_Lsword_041.brecipe
Actor/GeneralParamList/Weapon_Lsword_047.bgparamlist,0,content/Actor/Pack/Weapon_Lsword_047.sbactorpack//Actor/GeneralParamList/Weapon_Lsword_047.bgparamlist
Actor/Recipe/Weapon_Lsword_047.brecipe,0,content/Actor/Pack/Weapon_Lsword_047.sbactorpack//Actor/Recipe/Weapon_Lsword_047.brecipe
Actor/ActorLink/Weapon_Lsword_047.bxml,0,content/Actor/Pack/Weapon_Lsword_047.sbactorpack//Actor/ActorLink/Weapon_Lsword_047.bxml
Actor/ActorLink/Weapon_Lsword_051.bxml,0,content/Actor/Pack/Weapon_Lsword_051.sbactorpack//Actor/ActorLink/Weapon_Lsword_051.bxml
Actor/GeneralParamList/Weapon_Lsword_051.bgparamlist,0,content/Actor/Pack/Weapon_Lsword_051.sbactorpack//Actor/GeneralParamList/Weapon_Lsword_051.bgparamlist
Actor/Recipe/Weapon_Lsword_051.brecipe,0,content/Actor/Pack/Weapon_Lsword_051.sbactorpack//Actor/Recipe/Weapon_Lsword_051.brecipe
Actor/ActorLink/Weapon_Lsword_054.bxml,0,content/Actor/Pack/Weapon_Lsword_054.sbactorpack//Actor/ActorLink/Weapon_Lsword_054.bxml
Actor/Recipe/Weapon_Lsword_054.brecipe,0,content/Actor/Pack/Weapon_Lsword_054.sbactorpack//Actor/Recipe/Weapon_Lsword_054.brecipe
Actor/DropTable/Weapon_Lsword_054.bdrop,0,content/Actor/Pack/Weapon_Lsword_054.sbactorpack//Actor/DropTable/Weapon_Lsword_054.bdrop
Actor/ActorLink/Weapon_Lsword_055.bxml,0,content/Actor/Pack/Weapon_Lsword_055.sbactorpack//Actor/ActorLink/Weapon_Lsword_055.bxml
Actor/GeneralParamList/Weapon_Lsword_055.bgparamlist,0,content/Actor/Pack/Weapon_Lsword_055.sbactorpack//Actor/GeneralParamList/Weapon_Lsword_055.bgparamlist
Actor/Recipe/Weapon_Lsword_055.brecipe,0,content/Actor/Pack/Weapon_Lsword_055.sbactorpack//Actor/Recipe/Weapon_Lsword_055.brecipe
Actor/ActorLink/Weapon_Shield_001.bxml,0,content/Actor/Pack/Weapon_Shield_001.sbactorpack//Actor/ActorLink/Weapon_Shield_001.bxml
Actor/GeneralParamList/Weapon_Shield_001.bgparamlist,0,content/Actor/Pack/Weapon_Shield_001.sbactorpack//Actor/GeneralParamList/Weapon_Shield_001.bgparamlist
Actor/Recipe/Weapon_Shield_001.brecipe,0,content/Actor/Pack/Weapon_Shield_001.sbactorpack//Actor/Recipe/Weapon_Shield_001.brecipe
Actor/GeneralParamList/Weapon_Shield_002.bgparamlist,0,content/Actor/Pack/Weapon_Shield_002.sbactorpack//Actor/GeneralParamList/Weapon_Shield_002.bgparamlist
Actor/Recipe/Weapon_Shield_002.brecipe,0,content/Actor/Pack/Weapon_Shield_002.sbactorpack//Actor/Recipe/Weapon_Shield_002.brecipe
Actor/ActorLink/Weapon_Shield_002.bxml,0,content/Actor/Pack/Weapon_Shield_002.sbactorpack//Actor/ActorLink/Weapon_Shield_002.bxml
Actor/ActorLink/Weapon_Shield_003.bxml,0,content/Actor/Pack/Weapon_Shield_003.sbactorpack//Actor/ActorLink/Weapon_Shield_003.bxml
Actor/Recipe/Weapon_Shield_003.brecipe,0,content/Actor/Pack/Weapon_Shield_003.sbactorpack//Actor/Recipe/Weapon_Shield_003.brecipe
Actor/GeneralParamList/Weapon_Shield_003.bgparamlist,0,content/Actor/Pack/Weapon_Shield_003.sbactorpack//Actor/GeneralParamList/Weapon_Shield_003.bgparamlist
Actor/GeneralParamList/Weapon_Shield_013.bgparamlist,0,content/Actor/Pack/Weapon_Shield_013.sbactorpack//Actor/GeneralParamList/Weapon_Shield_013.bgparamlist
Actor/Recipe/Weapon_Shield_013.brecipe,0,content/Actor/Pack/Weapon_Shield_013.sbactorpack//Actor/Recipe/Weapon_Shield_013.brecipe
Actor/ActorLink/Weapon_Shield_013.bxml,0,content/Actor/Pack/Weapon_Shield_013.sbactorpack//Actor/ActorLink/Weapon_Shield_013.bxml
Actor/ActorLink/Weapon_Shield_014.bxml,0,content/Actor/Pack/Weapon_Shield_014.sbactorpack//Actor/ActorLink/Weapon_Shield_014.bxml
Actor/GeneralParamList/Weapon_Shield_014.bgparamlist,0,content/Actor/Pack/Weapon_Shield_014.sbactorpack//Actor/GeneralParamList/Weapon_Shield_014.bgparamlist
Actor/Recipe/Weapon_Shield_014.brecipe,0,content/Actor/Pack/Weapon_Shield_014.sbactorpack//Actor/Recipe/Weapon_Shield_014.brecipe
Actor/GeneralParamList/Weapon_Shield_015.bgparamlist,0,content/Actor/Pack/Weapon_Shield_015.sbactorpack//Actor/GeneralParamList/Weapon_Shield_015.bgparamlist
Actor/ActorLink/Weapon_Shield_015.bxml,0,content/Actor/Pack/Weapon_Shield_015.sbactorpack//Actor/ActorLink/Weapon_Shield_015.bxml
Actor/Recipe/Weapon_Shield_015.brecipe,0,content/Actor/Pack/Weapon_Shield_015.sbactorpack//Actor/Recipe/Weapon_Shield_015.brecipe
Actor/GeneralParamList/Weapon_Shield_017.bgparamlist,0,content/Actor/Pack/Weapon_Shield_017.sbactorpack//Actor/GeneralParamList/Weapon_Shield_017.bgparamlist
Actor/ActorLink/Weapon_Shield_017.bxml,0,content/Actor/Pack/Weapon_Shield_017.sbactorpack//Actor/ActorLink/Weapon_Shield_017.bxml
Actor/Recipe/Weapon_Shield_017.brecipe,0,content/Actor/Pack/Weapon_Shield_017.sbactorpack//Actor/Recipe/Weapon_Shield_017.brecipe
Actor/Recipe/Weapon_Shield_018.brecipe,0,content/Actor/Pack/Weapon_Shield_018.sbactorpack//Actor/Recipe/Weapon_Shield_018.brecipe
Actor/ActorLink/Weapon_Shield_018.bxml,0,content/Actor/Pack/Weapon_Shield_018.sbactorpack//Actor/ActorLink/Weapon_Shield_018.bxml
Actor/GeneralParamList/Weapon_Shield_018.bgparamlist,0,content/Actor/Pack/Weapon_Shield_018.sbactorpack//Actor/GeneralParamList/Weapon_Shield_018.bgparamlist
Actor/GeneralParamList/Weapon_Shield_022.bgparamlist,0,content/Actor/Pack/Weapon_Shield_022.sbactorpack//Actor/GeneralParamList/Weapon_Shield_022.bgparamlist
Actor/Recipe/Weapon_Shield_022.brecipe,0,content/Actor/Pack/Weapon_Shield_022.sbactorpack//Actor/Recipe/Weapon_Shield_022.brecipe
Actor/ActorLink/Weapon_Shield_022.bxml,0,content/Actor/Pack/Weapon_Shield_022.sbactorpack//Actor/ActorLink/Weapon_Shield_022.bxml
Actor/Recipe/Weapon_Shield_023.brecipe,0,content/Actor/Pack/Weapon_Shield_023.sbactorpack//Actor/Recipe/Weapon_Shield_023.brecipe
Actor/GeneralParamList/Weapon_Shield_023.bgparamlist,0,content/Actor/Pack/Weapon_Shield_023.sbactorpack//Actor/GeneralParamList/Weapon_Shield_023.bgparamlist
Actor/ActorLink/Weapon_Shield_023.bxml,0,content/Actor/Pack/Weapon_Shield_023.sbactorpack//Actor/ActorLink/Weapon_Shield_023.bxml
Actor/ActorLink/Weapon_Shield_025.bxml,0,content/Actor/Pack/Weapon_Shield_025.sbactorpack//Actor/ActorLink/Weapon_Shield_025.bxml
Actor/GeneralParamList/Weapon_Shield_025.bgparamlist,0,content/Actor/Pack/Weapon_Shield_025.sbactorpack//Actor/GeneralParamList/Weapon_Shield_025.bgparamlist
Actor/Recipe/Weapon_Shield_025.brecipe,0,content/Actor/Pack/Weapon_Shield_025.sbactorpack//Actor/Recipe/Weapon_Shield_025.brecipe
Actor/ActorLink/Weapon_Shield_026.bxml,0,content/Actor/Pack/Weapon_Shield_026.sbactorpack//Actor/ActorLink/Weapon_Shield_026.bxml
Actor/Recipe/Weapon_Shield_026.brecipe,0,content/Actor/Pack/Weapon_Shield_026.sbactorpack//Actor/Recipe/Weapon_Shield_026.brecipe
Actor/GeneralParamList/Weapon_Shield_026.bgparamlist,0,content/Actor/Pack/Weapon_Shield_026.sbactorpack//Actor/GeneralParamList/Weapon_Shield_026.bgparamlist
Actor/GeneralParamList/Weapon_Shield_030.bgparamlist,0,content/Actor/Pack/Weapon_Shield_030.sbactorpack//Actor/GeneralParamList/Weapon_Shield_030.bgparamlist
Actor/ActorLink/Weapon_Shield_030.bxml,0,content/Actor/Pack/Weapon_Shield_030.sbactorpack//Actor/ActorLink/Weapon_Shield_030.bxml
Actor/Recipe/Weapon_Shield_030.brecipe,0,content/Actor/Pack/Weapon_Shield_030.sbactorpack//Actor/Recipe/Weapon_Shield_030.brecipe
Actor/GeneralParamList/Weapon_Shield_033.bgparamlist,0,content/Actor/Pack/Weapon_Shield_033.sbactorpack//Actor/GeneralParamList/Weapon_Shield_033.bgparamlist
Actor/Recipe/Weapon_Shield_033.brecipe,0,content/Actor/Pack/Weapon_Shield_033.sbactorpack//Actor/Recipe/Weapon_Shield_033.brecipe
Actor/ActorLink/Weapon_Shield_033.bxml,0,content/Actor/Pack/Weapon_Shield_033.sbactorpack//Actor/ActorLink/Weapon_Shield_033.bxml
Actor/GeneralParamList/Weapon_Shield_035.bgparamlist,0,content/Actor/Pack/Weapon_Shield_035.sbactorpack//Actor/GeneralParamList/Weapon_Shield_035.bgparamlist
Actor/ActorLink/Weapon_Shield_035.bxml,0,content/Actor/Pack/Weapon_Shield_035.sbactorpack//Actor/ActorLink/Weapon_Shield_035.bxml
Actor/Recipe/Weapon_Shield_035.brecipe,0,content/Actor/Pack/Weapon_Shield_035.sbactorpack//Actor/Recipe/Weapon_Shield_035.brecipe
Actor/Recipe/Weapon_Shield_036.brecipe,0,content/Actor/Pack/Weapon_Shield_036.sbactorpack//Actor/Recipe/Weapon_Shield_036.brecipe
Actor/ActorLink/Weapon_Shield_036.bxml,0,content/Actor/Pack/Weapon_Shield_036.sbactorpack//Actor/ActorLink/Weapon_Shield_036.bxml
Actor/GeneralParamList/Weapon_Shield_036.bgparamlist,0,content/Actor/Pack/Weapon_Shield_036.sbactorpack//Actor/GeneralParamList/Weapon_Shield_036.bgparamlist
Actor/Recipe/Weapon_Shield_037.brecipe,0,content/Actor/Pack/Weapon_Shield_037.sbactorpack//Actor/Recipe/Weapon_Shield_037.brecipe
Actor/DropTable/Weapon_Shield_037.bdrop,0,content/Actor/Pack/Weapon_Shield_037.sbactorpack//Actor/DropTable/Weapon_Shield_037.bdrop
Actor/ActorLink/Weapon_Shield_037.bxml,0,content/Actor/Pack/Weapon_Shield_037.sbactorpack//Actor/ActorLink/Weapon_Shield_037.bxml
Actor/ActorLink/Weapon_Shield_041.bxml,0,content/Actor/Pack/Weapon_Shield_041.sbactorpack//Actor/ActorLink/Weapon_Shield_041.bxml
Actor/GeneralParamList/Weapon_Shield_041.bgparamlist,0,content/Actor/Pack/Weapon_Shield_041.sbactorpack//Actor/GeneralParamList/Weapon_Shield_041.bgparamlist
Actor/Recipe/Weapon_Shield_041.brecipe,0,content/Actor/Pack/Weapon_Shield_041.sbactorpack//Actor/Recipe/Weapon_Shield_041.brecipe
Actor/Recipe/Weapon_Shield_042.brecipe,0,content/Actor/Pack/Weapon_Shield_042.sbactorpack//Actor/Recipe/Weapon_Shield_042.brecipe
Actor/ActorLink/Weapon_Shield_042.bxml,0,content/Actor/Pack/Weapon_Shield_042.sbactorpack//Actor/ActorLink/Weapon_Shield_042.bxml
Actor/GeneralParamList/Weapon_Shield_042.bgparamlist,0,content/Actor/Pack/Weapon_Shield_042.sbactorpack//Actor/GeneralParamList/Weapon_Shield_042.bgparamlist
Actor/Recipe/Weapon_Spear_001.brecipe,0,content/Actor/Pack/Weapon_Spear_001.sbactorpack//Actor/Recipe/Weapon_Spear_001.brecipe
Actor/GeneralParamList/Weapon_Spear_001.bgparamlist,0,content/Actor/Pack/Weapon_Spear_001.sbactorpack//Actor/GeneralParamList/Weapon_Spear_001.bgparamlist
Actor/ActorLink/Weapon_Spear_001.bxml,0,content/Actor/Pack/Weapon_Spear_001.sbactorpack//Actor/ActorLink/Weapon_Spear_001.bxml
Actor/GeneralParamList/Weapon_Spear_002.bgparamlist,0,content/Actor/Pack/Weapon_Spear_002.sbactorpack//Actor/GeneralParamList/Weapon_Spear_002.bgparamlist
Actor/ActorLink/Weapon_Spear_002.bxml,0,content/Actor/Pack/Weapon_Spear_002.sbactorpack//Actor/ActorLink/Weapon_Spear_002.bxml
Actor/Recipe/Weapon_Spear_002.brecipe,0,content/Actor/Pack/Weapon_Spear_002.sbactorpack//Actor/Recipe/Weapon_Spear_002.brecipe
Actor/GeneralParamList/Weapon_Spear_003.bgparamlist,0,content/Actor/Pack/Weapon_Spear_003.sbactorpack//Actor/GeneralParamList/Weapon_Spear_003.bgparamlist
Actor/ActorLink/Weapon_Spear_003.bxml,0,content/Actor/Pack/Weapon_Spear_003.sbactorpack//Actor/ActorLink/Weapon_Spear_003.bxml
Actor/Recipe/Weapon_Spear_003.brecipe,0,content/Actor/Pack/Weapon_Spear_003.sbactorpack//Actor/Recipe/Weapon_Spear_003.brecipe
Actor/GeneralParamList/Weapon_Spear_013.bgparamlist,0,content/Actor/Pack/Weapon_Spear_013.sbactorpack//Actor/GeneralParamList/Weapon_Spear_013.bgparamlist
Actor/Recipe/Weapon_Spear_013.brecipe,0,content/Actor/Pack/Weapon_Spear_013.sbactorpack//Actor/Recipe/Weapon_Spear_013.brecipe
Actor/ActorLink/Weapon_Spear_013.bxml,0,content/Actor/Pack/Weapon_Spear_013.sbactorpack//Actor/ActorLink/Weapon_Spear_013.bxml
Actor/Recipe/Weapon_Spear_014.brecipe,0,content/Actor/Pack/Weapon_Spear_014.sbactorpack//Actor/Recipe/Weapon_Spear_014.brecipe
Actor/ActorLink/Weapon_Spear_014.bxml,0,content/Actor/Pack/Weapon_Spear_014.sbactorpack//Actor/ActorLink/Weapon_Spear_014.bxml
Actor/GeneralParamList/Weapon_Spear_014.bgparamlist,0,content/Actor/Pack/Weapon_Spear_014.sbactorpack//Actor/GeneralParamList/Weapon_Spear_014.bgparamlist
Actor/GeneralParamList/Weapon_Spear_015.bgparamlist,0,content/Actor/Pack/Weapon_Spear_015.sbactorpack//Actor/GeneralParamList/Weapon_Spear_015.bgparamlist
Actor/Recipe/Weapon_Spear_015.brecipe,0,content/Actor/Pack/Weapon_Spear_015.sbactorpack//Actor/Recipe/Weapon_Spear_015.brecipe
Actor/ActorLink/Weapon_Spear_015.bxml,0,content/Actor/Pack/Weapon_Spear_015.sbactorpack//Actor/ActorLink/Weapon_Spear_015.bxml
Actor/ActorLink/Weapon_Spear_016.bxml,0,content/Actor/Pack/Weapon_Spear_016.sbactorpack//Actor/ActorLink/Weapon_Spear_016.bxml
Actor/Recipe/Weapon_Spear_016.brecipe,0,content/Actor/Pack/Weapon_Spear_016.sbactorpack//Actor/Recipe/Weapon_Spear_016.brecipe
Actor/GeneralParamList/Weapon_Spear_016.bgparamlist,0,content/Actor/Pack/Weapon_Spear_016.sbactorpack//Actor/GeneralParamList/Weapon_Spear_016.bgparamlist
Actor/GeneralParamList/Weapon_Spear_017.bgparamlist,0,content/Actor/Pack/Weapon_Spear_017.sbactorpack//Actor/GeneralParamList/Weapon_Spear_017.bgparamlist
Actor/ActorLink/Weapon_Spear_017.bxml,0,content/Actor/Pack/Weapon_Spear_017.sbactorpack//Actor/ActorLink/Weapon_Spear_017.bxml
Actor/Recipe/Weapon_Spear_017.brecipe,0,content/Actor/Pack/Weapon_Spear_017.sbactorpack//Actor/Recipe/Weapon_Spear_017.brecipe
Actor/Recipe/Weapon_Spear_018.brecipe,0,content/Actor/Pack/Weapon_Spear_018.sbactorpack//Actor/Recipe/Weapon_Spear_018.brecipe
Actor/ActorLink/Weapon_Spear_018.bxml,0,content/Actor/Pack/Weapon_Spear_018.sbactorpack//Actor/ActorLink/Weapon_Spear_018.bxml
Actor/GeneralParamList/Weapon_Spear_018.bgparamlist,0,content/Actor/Pack/Weapon_Spear_018.sbactorpack//Actor/GeneralParamList/Weapon_Spear_018.bgparamlist
Actor/GeneralParamList/Weapon_Spear_024.bgparamlist,0,content/Actor/Pack/Weapon_Spear_024.sbactorpack//Actor/GeneralParamList/Weapon_Spear_024.bgparamlist
Actor/Recipe/Weapon_Spear_024.brecipe,0,content/Actor/Pack/Weapon_Spear_024.sbactorpack//Actor/Recipe/Weapon_Spear_024.brecipe
Actor/ActorLink/Weapon_Spear_024.bxml,0,content/Actor/Pack/Weapon_Spear_024.sbactorpack//Actor/ActorLink/Weapon_Spear_024.bxml
Actor/Recipe/Weapon_Spear_025.brecipe,0,content/Actor/Pack/Weapon_Spear_025.sbactorpack//Actor/Recipe/Weapon_Spear_025.brecipe
Actor/GeneralParamList/Weapon_Spear_025.bgparamlist,0,content/Actor/Pack/Weapon_Spear_025.sbactorpack//Actor/GeneralParamList/Weapon_Spear_025.bgparamlist
Actor/ActorLink/Weapon_Spear_025.bxml,0,content/Actor/Pack/Weapon_Spear_025.sbactorpack//Actor/ActorLink/Weapon_Spear_025.bxml
Actor/GeneralParamList/Weapon_Spear_027.bgparamlist,0,content/Actor/Pack/Weapon_Spear_027.sbactorpack//Actor/GeneralParamList/Weapon_Spear_027.bgparamlist
Actor/Recipe/Weapon_Spear_027.brecipe,0,content/Actor/Pack/Weapon_Spear_027.sbactorpack//Actor/Recipe/Weapon_Spear_027.brecipe
Actor/ActorLink/Weapon_Spear_027.bxml,0,content/Actor/Pack/Weapon_Spear_027.sbactorpack//Actor/ActorLink/Weapon_Spear_027.bxml
Actor/Recipe/Weapon_Spear_028.brecipe,0,content/Actor/Pack/Weapon_Spear_028.sbactorpack//Actor/Recipe/Weapon_Spear_028.brecipe
Actor/GeneralParamList/Weapon_Spear_028.bgparamlist,0,content/Actor/Pack/Weapon_Spear_028.sbactorpack//Actor/GeneralParamList/Weapon_Spear_028.bgparamlist
Actor/ActorLink/Weapon_Spear_028.bxml,0,content/Actor/Pack/Weapon_Spear_028.sbactorpack//Actor/ActorLink/Weapon_Spear_028.bxml
Actor/Recipe/Weapon_Spear_029.brecipe,0,content/Actor/Pack/Weapon_Spear_029.sbactorpack//Actor/Recipe/Weapon_Spear_029.brecipe
Actor/ActorLink/Weapon_Spear_029.bxml,0,content/Actor/Pack/Weapon_Spear_029.sbactorpack//Actor/ActorLink/Weapon_Spear_029.bxml
Actor/GeneralParamList/Weapon_Spear_029.bgparamlist,0,content/Actor/Pack/Weapon_Spear_029.sbactorpack//Actor/GeneralParamList/Weapon_Spear_029.bgparamlist
Actor/Recipe/Weapon_Spear_030.brecipe,0,content/Actor/Pack/Weapon_Spear_030.sbactorpack//Actor/Recipe/Weapon_Spear_030.brecipe
Actor/GeneralParamList/Weapon_Spear_030.bgparamlist,0,content/Actor/Pack/Weapon_Spear_030.sbactorpack//Actor/GeneralParamList/Weapon_Spear_030.bgparamlist
Actor/ActorLink/Weapon_Spear_030.bxml,0,content/Actor/Pack/Weapon_Spear_030.sbactorpack//Actor/ActorLink/Weapon_Spear_030.bxml
Actor/ActorLink/Weapon_Spear_031.bxml,0,content/Actor/Pack/Weapon_Spear_031.sbactorpack//Actor/ActorLink/Weapon_Spear_031.bxml
Actor/Recipe/Weapon_Spear_031.brecipe,0,content/Actor/Pack/Weapon_Spear_031.sbactorpack//Actor/Recipe/Weapon_Spear_031.brecipe
Actor/GeneralParamList/Weapon_Spear_031.bgparamlist,0,content/Actor/Pack/Weapon_Spear_031.sbactorpack//Actor/GeneralParamList/Weapon_Spear_031.bgparamlist
Actor/GeneralParamList/Weapon_Spear_032.bgparamlist,0,content/Actor/Pack/Weapon_Spear_032.sbactorpack//Actor/GeneralParamList/Weapon_Spear_032.bgparamlist
Actor/Recipe/Weapon_Spear_032.brecipe,0,content/Actor/Pack/Weapon_Spear_032.sbactorpack//Actor/Recipe/Weapon_Spear_032.brecipe
Actor/ActorLink/Weapon_Spear_032.bxml,0,content/Actor/Pack/Weapon_Spear_032.sbactorpack//Actor/ActorLink/Weapon_Spear_032.bxml
Actor/ActorLink/Weapon_Spear_033.bxml,0,content/Actor/Pack/Weapon_Spear_033.sbactorpack//Actor/ActorLink/Weapon_Spear_033.bxml
Actor/Recipe/Weapon_Spear_033.brecipe,0,content/Actor/Pack/Weapon_Spear_033.sbactorpack//Actor/Recipe/Weapon_Spear_033.brecipe
Actor/GeneralParamList/Weapon_Spear_033.bgparamlist,0,content/Actor/Pack/Weapon_Spear_033.sbactorpack//Actor/GeneralParamList/Weapon_Spear_033.bgparamlist
Actor/Recipe/Weapon_Spear_034.brecipe,0,content/Actor/Pack/Weapon_Spear_034.sbactorpack//Actor/Recipe/Weapon_Spear_034.brecipe
Actor/GeneralParamList/Weapon_Spear_034.bgparamlist,0,content/Actor/Pack/Weapon_Spear_034.sbactorpack//Actor/GeneralParamList/Weapon_Spear_034.bgparamlist
Actor/ActorLink/Weapon_Spear_034.bxml,0,content/Actor/Pack/Weapon_Spear_034.sbactorpack//Actor/ActorLink/Weapon_Spear_034.bxml
Actor/GeneralParamList/Weapon_Spear_035.bgparamlist,0,content/Actor/Pack/Weapon_Spear_035.sbactorpack//Actor/GeneralParamList/Weapon_Spear_035.bgparamlist
Actor/ActorLink/Weapon_Spear_035.bxml,0,content/Actor/Pack/Weapon_Spear_035.sbactorpack//Actor/ActorLink/Weapon_Spear_035.bxml
Actor/Recipe/Weapon_Spear_035.brecipe,0,content/Actor/Pack/Weapon_Spear_035.sbactorpack//Actor/Recipe/Weapon_Spear_035.brecipe
Actor/ActorLink/Weapon_Spear_037.bxml,0,content/Actor/Pack/Weapon_Spear_037.sbactorpack//Actor/ActorLink/Weapon_Spear_037.bxml
Actor/GeneralParamList/Weapon_Spear_037.bgparamlist,0,content/Actor/Pack/Weapon_Spear_037.sbactorpack//Actor/GeneralParamList/Weapon_Spear_037.bgparamlist
Actor/Recipe/Weapon_Spear_037.brecipe,0,content/Actor/Pack/Weapon_Spear_037.sbactorpack//Actor/Recipe/Weapon_Spear_037.brecipe
Actor/ActorLink/Weapon_Spear_047.bxml,0,content/Actor/Pack/Weapon_Spear_047.sbactorpack//Actor/ActorLink/Weapon_Spear_047.bxml
Actor/GeneralParamList/Weapon_Spear_047.bgparamlist,0,content/Actor/Pack/Weapon_Spear_047.sbactorpack//Actor/GeneralParamList/Weapon_Spear_047.bgparamlist
Actor/Recipe/Weapon_Spear_047.brecipe,0,content/Actor/Pack/Weapon_Spear_047.sbactorpack//Actor/Recipe/Weapon_Spear_047.brecipe
Actor/Recipe/Weapon_Spear_050.brecipe,0,content/Actor/Pack/Weapon_Spear_050.sbactorpack//Actor/Recipe/Weapon_Spear_050.brecipe
Actor/ActorLink/Weapon_Spear_050.bxml,0,content/Actor/Pack/Weapon_Spear_050.sbactorpack//Actor/ActorLink/Weapon_Spear_050.bxml
Actor/DropTable/Weapon_Spear_050.bdrop,0,content/Actor/Pack/Weapon_Spear_050.sbactorpack//Actor/DropTable/Weapon_Spear_050.bdrop
Actor/Recipe/Weapon_Sword_001.brecipe,0,content/Actor/Pack/Weapon_Sword_001.sbactorpack//Actor/Recipe/Weapon_Sword_001.brecipe
Actor/ActorLink/Weapon_Sword_001.bxml,0,content/Actor/Pack/Weapon_Sword_001.sbactorpack//Actor/ActorLink/Weapon_Sword_001.bxml
Actor/GeneralParamList/Weapon_Sword_001.bgparamlist,0,content/Actor/Pack/Weapon_Sword_001.sbactorpack//Actor/GeneralParamList/Weapon_Sword_001.bgparamlist
Actor/ActorLink/Weapon_Sword_002.bxml,0,content/Actor/Pack/Weapon_Sword_002.sbactorpack//Actor/ActorLink/Weapon_Sword_002.bxml
Actor/Recipe/Weapon_Sword_002.brecipe,0,content/Actor/Pack/Weapon_Sword_002.sbactorpack//Actor/Recipe/Weapon_Sword_002.brecipe
Actor/GeneralParamList/Weapon_Sword_002.bgparamlist,0,content/Actor/Pack/Weapon_Sword_002.sbactorpack//Actor/GeneralParamList/Weapon_Sword_002.bgparamlist
Actor/Recipe/Weapon_Sword_003.brecipe,0,content/Actor/Pack/Weapon_Sword_003.sbactorpack//Actor/Recipe/Weapon_Sword_003.brecipe
Actor/ActorLink/Weapon_Sword_003.bxml,0,content/Actor/Pack/Weapon_Sword_003.sbactorpack//Actor/ActorLink/Weapon_Sword_003.bxml
Actor/GeneralParamList/Weapon_Sword_003.bgparamlist,0,content/Actor/Pack/Weapon_Sword_003.sbactorpack//Actor/GeneralParamList/Weapon_Sword_003.bgparamlist
Actor/Recipe/Weapon_Sword_013.brecipe,0,content/Actor/Pack/Weapon_Sword_013.sbactorpack//Actor/Recipe/Weapon_Sword_013.brecipe
Actor/Recipe/Weapon_Sword_014.brecipe,0,content/Actor/Pack/Weapon_Sword_014.sbactorpack//Actor/Recipe/Weapon_Sword_014.brecipe
Actor/Recipe/Weapon_Sword_015.brecipe,0,content/Actor/Pack/Weapon_Sword_015.sbactorpack//Actor/Recipe/Weapon_Sword_015.brecipe
Actor/Recipe/Weapon_Sword_016.brecipe,0,content/Actor/Pack/Weapon_Sword_016.sbactorpack//Actor/Recipe/Weapon_Sword_016.brecipe
Actor/Recipe/Weapon_Sword_017.brecipe,0,content/Actor/Pack/Weapon_Sword_017.sbactorpack//Actor/Recipe/Weapon_Sword_017.brecipe
Actor/Recipe/Weapon_Sword_018.brecipe,0,content/Actor/Pack/Weapon_Sword_018.sbactorpack//Actor/Recipe/Weapon_Sword_018.brecipe
Actor/ActorLink/Weapon_Sword_024.bxml,0,content/Actor/Pack/Weapon_Sword_024.sbactorpack//Actor/ActorLink/Weapon_Sword_024.bxml
Actor/GeneralParamList/Weapon_Sword_024.bgparamlist,0,content/Actor/Pack/Weapon_Sword_024.sbactorpack//Actor/GeneralParamList/Weapon_Sword_024.bgparamlist
Actor/Recipe/Weapon_Sword_024.brecipe,0,content/Actor/Pack/Weapon_Sword_024.sbactorpack//Actor/Recipe/Weapon_Sword_024.brecipe
Actor/ActorLink/Weapon_Sword_025.bxml,0,content/Actor/Pack/Weapon_Sword_025.sbactorpack//Actor/ActorLink/Weapon_Sword_025.bxml
Actor/GeneralParamList/Weapon_Sword_025.bgparamlist,0,content/Actor/Pack/Weapon_Sword_025.sbactorpack//Actor/GeneralParamList/Weapon_Sword_025.bgparamlist
Actor/Recipe/Weapon_Sword_025.brecipe,0,content/Actor/Pack/Weapon_Sword_025.sbactorpack//Actor/Recipe/Weapon_Sword_025.brecipe
Actor/GeneralParamList/Weapon_Sword_027.bgparamlist,0,content/Actor/Pack/Weapon_Sword_027.sbactorpack//Actor/GeneralParamList/Weapon_Sword_027.bgparamlist
Actor/Recipe/Weapon_Sword_027.brecipe,0,content/Actor/Pack/Weapon_Sword_027.sbactorpack//Actor/Recipe/Weapon_Sword_027.brecipe
Actor/ActorLink/Weapon_Sword_027.bxml,0,content/Actor/Pack/Weapon_Sword_027.sbactorpack//Actor/ActorLink/Weapon_Sword_027.bxml
Actor/GeneralParamList/Weapon_Sword_029.bgparamlist,0,content/Actor/Pack/Weapon_Sword_029.sbactorpack//Actor/GeneralParamList/Weapon_Sword_029.bgparamlist
Actor/ActorLink/Weapon_Sword_029.bxml,0,content/Actor/Pack/Weapon_Sword_029.sbactorpack//Actor/ActorLink/Weapon_Sword_029.bxml
Actor/Recipe/Weapon_Sword_029.brecipe,0,content/Actor/Pack/Weapon_Sword_029.sbactorpack//Actor/Recipe/Weapon_Sword_029.brecipe
Actor/GeneralParamList/Weapon_Sword_030.bgparamlist,0,content/Actor/Pack/Weapon_Sword_030.sbactorpack//Actor/GeneralParamList/Weapon_Sword_030.bgparamlist
Actor/ActorLink/Weapon_Sword_030.bxml,0,content/Actor/Pack/Weapon_Sword_030.sbactorpack//Actor/ActorLink/Weapon_Sword_030.bxml
Actor/Recipe/Weapon_Sword_030.brecipe,0,content/Actor/Pack/Weapon_Sword_030.sbactorpack//Actor/Recipe/Weapon_Sword_030.brecipe
Actor/ActorLink/Weapon_Sword_031.bxml,0,content/Actor/Pack/Weapon_Sword_031.sbactorpack//Actor/ActorLink/Weapon_Sword_031.bxml
Actor/GeneralParamList/Weapon_Sword_031.bgparamlist,0,content/Actor/Pack/Weapon_Sword_031.sbactorpack//Actor/GeneralParamList/Weapon_Sword_031.bgparamlist
Actor/Recipe/Weapon_Sword_031.brecipe,0,content/Actor/Pack/Weapon_Sword_031.sbactorpack//Actor/Recipe/Weapon_Sword_031.brecipe
Actor/ActorLink/Weapon_Sword_033.bxml,0,content/Actor/Pack/Weapon_Sword_033.sbactorpack//Actor/ActorLink/Weapon_Sword_033.bxml
Actor/GeneralParamList/Weapon_Sword_033.bgparamlist,0,content/Actor/Pack/Weapon_Sword_033.sbactorpack//Actor/GeneralParamList/Weapon_Sword_033.bgparamlist
Actor/Recipe/Weapon_Sword_033.brecipe,0,content/Actor/Pack/Weapon_Sword_033.sbactorpack//Actor/Recipe/Weapon_Sword_033.brecipe
Actor/ActorLink/Weapon_Sword_034.bxml,0,content/Actor/Pack/Weapon_Sword_034.sbactorpack//Actor/ActorLink/Weapon_Sword_034.bxml
Actor/Recipe/Weapon_Sword_034.brecipe,0,content/Actor/Pack/Weapon_Sword_034.sbactorpack//Actor/Recipe/Weapon_Sword_034.brecipe
Actor/GeneralParamList/Weapon_Sword_034.bgparamlist,0,content/Actor/Pack/Weapon_Sword_034.sbactorpack//Actor/GeneralParamList/Weapon_Sword_034.bgparamlist
Actor/GeneralParamList/Weapon_Sword_035.bgparamlist,0,content/Actor/Pack/Weapon_Sword_035.sbactorpack//Actor/GeneralParamList/Weapon_Sword_035.bgparamlist
Actor/Recipe/Weapon_Sword_035.brecipe,0,content/Actor/Pack/Weapon_Sword_035.sbactorpack//Actor/Recipe/Weapon_Sword_035.brecipe
Actor/ActorLink/Weapon_Sword_035.bxml,0,content/Actor/Pack/Weapon_Sword_035.sbactorpack//Actor/ActorLink/Weapon_Sword_035.bxml
Actor/ActorLink/Weapon_Sword_041.bxml,0,content/Actor/Pack/Weapon_Sword_041.sbactorpack//Actor/ActorLink/Weapon_Sword_041.bxml
Actor/GeneralParamList/Weapon_Sword_041.bgparamlist,0,content/Actor/Pack/Weapon_Sword_041.sbactorpack//Actor/GeneralParamList/Weapon_Sword_041.bgparamlist
Actor/Recipe/Weapon_Sword_041.brecipe,0,content/Actor/Pack/Weapon_Sword_041.sbactorpack//Actor/Recipe/Weapon_Sword_041.brecipe
Actor/ActorLink/Weapon_Sword_047.bxml,0,content/Actor/Pack/Weapon_Sword_047.sbactorpack//Actor/ActorLink/Weapon_Sword_047.bxml
Actor/Recipe/Weapon_Sword_047.brecipe,0,content/Actor/Pack/Weapon_Sword_047.sbactorpack//Actor/Recipe/Weapon_Sword_047.brecipe
Actor/GeneralParamList/Weapon_Sword_047.bgparamlist,0,content/Actor/Pack/Weapon_Sword_047.sbactorpack//Actor/GeneralParamList/Weapon_Sword_047.bgparamlist
Actor/ActorLink/Weapon_Sword_048.bxml,0,content/Actor/Pack/Weapon_Sword_048.sbactorpack//Actor/ActorLink/Weapon_Sword_048.bxml
Actor/GeneralParamList/Weapon_Sword_048.bgparamlist,0,content/Actor/Pack/Weapon_Sword_048.sbactorpack//Actor/GeneralParamList/Weapon_Sword_048.bgparamlist
Actor/Recipe/Weapon_Sword_048.brecipe,0,content/Actor/Pack/Weapon_Sword_048.sbactorpack//Actor/Recipe/Weapon_Sword_048.brecipe
Actor/GeneralParamList/Weapon_Sword_049.bgparamlist,0,content/Actor/Pack/Weapon_Sword_049.sbactorpack//Actor/GeneralParamList/Weapon_Sword_049.bgparamlist
Actor/Recipe/Weapon_Sword_049.brecipe,0,content/Actor/Pack/Weapon_Sword_049.sbactorpack//Actor/Recipe/Weapon_Sword_049.brecipe
Actor/ActorLink/Weapon_Sword_049.bxml,0,content/Actor/Pack/Weapon_Sword_049.sbactorpack//Actor/ActorLink/Weapon_Sword_049.bxml
Actor/ActorLink/Weapon_Sword_050.bxml,0,content/Actor/Pack/Weapon_Sword_050.sbactorpack//Actor/ActorLink/Weapon_Sword_050.bxml
Actor/GeneralParamList/Weapon_Sword_050.bgparamlist,0,content/Actor/Pack/Weapon_Sword_050.sbactorpack//Actor/GeneralParamList/Weapon_Sword_050.bgparamlist
Actor/Recipe/Weapon_Sword_050.brecipe,0,content/Actor/Pack/Weapon_Sword_050.sbactorpack//Actor/Recipe/Weapon_Sword_050.brecipe
Actor/GeneralParamList/Weapon_Sword_051.bgparamlist,0,content/Actor/Pack/Weapon_Sword_051.sbactorpack//Actor/GeneralParamList/Weapon_Sword_051.bgparamlist
Actor/ActorLink/Weapon_Sword_051.bxml,0,content/Actor/Pack/Weapon_Sword_051.sbactorpack//Actor/ActorLink/Weapon_Sword_051.bxml
Actor/Recipe/Weapon_Sword_051.brecipe,0,content/Actor/Pack/Weapon_Sword_051.sbactorpack//Actor/Recipe/Weapon_Sword_051.brecipe
Actor/Recipe/Weapon_Sword_052.brecipe,0,content/Actor/Pack/Weapon_Sword_052.sbactorpack//Actor/Recipe/Weapon_Sword_052.brecipe
Actor/DropTable/Weapon_Sword_052.bdrop,0,content/Actor/Pack/Weapon_Sword_052.sbactorpack//Actor/DropTable/Weapon_Sword_052.bdrop
Actor/ActorLink/Weapon_Sword_052.bxml,0,content/Actor/Pack/Weapon_Sword_052.sbactorpack//Actor/ActorLink/Weapon_Sword_052.bxml
Actor/GeneralParamList/Weapon_Sword_060.bgparamlist,0,content/Actor/Pack/Weapon_Sword_060.sbactorpack//Actor/GeneralParamList/Weapon_Sword_060.bgparamlist
Actor/ActorLink/Weapon_Sword_060.bxml,0,content/Actor/Pack/Weapon_Sword_060.sbactorpack//Actor/ActorLink/Weapon_Sword_060.bxml
Actor/Recipe/Weapon_Sword_060.brecipe,0,content/Actor/Pack/Weapon_Sword_060.sbactorpack//Actor/Recipe/Weapon_Sword_060.brecipe
Actor/GeneralParamList/Weapon_Sword_061.bgparamlist,0,content/Actor/Pack/Weapon_Sword_061.sbactorpack//Actor/GeneralParamList/Weapon_Sword_061.bgparamlist
Actor/ActorLink/Weapon_Sword_061.bxml,0,content/Actor/Pack/Weapon_Sword_061.sbactorpack//Actor/ActorLink/Weapon_Sword_061.bxml
Actor/Recipe/Weapon_Sword_061.brecipe,0,content/Actor/Pack/Weapon_Sword_061.sbactorpack//Actor/Recipe/Weapon_Sword_061.brecipe
Actor/ActorLink/Weapon_Sword_062.bxml,0,content/Actor/Pack/Weapon_Sword_062.sbactorpack//Actor/ActorLink/Weapon_Sword_062.bxml
Actor/GeneralParamList/Weapon_Sword_062.bgparamlist,0,content/Actor/Pack/Weapon_Sword_062.sbactorpack//Actor/GeneralParamList/Weapon_Sword_062.bgparamlist
Actor/Recipe/Weapon_Sword_062.brecipe,0,content/Actor/Pack/Weapon_Sword_062.sbactorpack//Actor/Recipe/Weapon_Sword_062.brecipe
EventFlow/TwnObj_AncientOven_A_02.bfevfl,33312,content/Event/TwnObj_AncientOven_A_02.sbeventpack//EventFlow/TwnObj_AncientOven_A_02.bfevfl
GameData/gamedata.sarc,6514560,content/Pack/Bootup.pack//GameData/gamedata.ssarc
Actor/AIDef/AIDef_Game.product.byml,519780,content/Pack/Bootup.pack//Actor/AIDef/AIDef_Game.product.sbyml
Event/EventInfo.product.byml,624292,content/Pack/Bootup.pack//Event/EventInfo.product.sbyml
